2017-03-08 19:17:16,463 DEBUG InitServerInstance 64 
 [Debug Message] - Valid Hostname: [localhost] Port: [4001]
2017-03-08 19:18:11,581 DEBUG InitServerInstance 64 
 [Debug Message] - Valid Hostname: [localhost] Port: [4001]
2017-03-08 19:20:32,911 DEBUG InitServerInstance 64 
 [Debug Message] - Valid Hostname: [localhost] Port: [4001]
2017-03-08 19:20:34,052 DEBUG InitServerInstance 74 
 [Debug Message] - ServerManager: [tcp://localhost:4000/ServerManager]
2017-03-08 19:23:00,205 DEBUG InitServerInstance 64 
 [Debug Message] - Valid Hostname: [localhost] Port: [4001]
2017-03-08 19:23:23,749 DEBUG InitServerInstance 74 
 [Debug Message] - ServerManager: [tcp://localhost:4000/ServerManager]
2017-03-08 22:36:43,978 DEBUG InitServerInstance 64 
 [Debug Message] - Valid Hostname: [localhost] Port: [4001]
2017-03-08 22:36:48,753 DEBUG InitServerInstance 74 
 [Debug Message] - ServerManager: [tcp://localhost:4000/ServerManager]
2017-03-08 23:44:12,835 DEBUG StartInstances 87 
 [Debug Message] - Valid Hostname: [localhost] Port: [4001]
2017-03-08 23:44:16,628 DEBUG ConnectServerManager 64 
 [Debug Message] - ServerManager: [tcp://localhost:4000/ServerManager]
2017-03-09 10:42:03,006 DEBUG StartConnectRemoteIntance 130 
 [Debug Message] - Valid Hostname: [localhost] Port: [4001]
2017-03-09 10:42:03,084 DEBUG StartConnectRemoteIntance 134 
 [Debug Message] - Node: [TaskCreator] IS RUNNING!
2017-03-09 10:42:07,162 ERROR ConnectServerManager 36 
 [Debug Message] - No connection could be made because the target machine actively refused it 127.0.0.1:4000
2017-03-09 10:42:07,162 ERROR ConnectServerManager 37 
 [Debug Message] - Cannot connect TaskCreator to ServerManager: [tcp://localhost:4000/ServerManager
2017-03-09 10:43:34,245 DEBUG StartConnectRemoteIntance 130 
 [Debug Message] - Valid Hostname: [localhost] Port: [4001]
2017-03-09 10:43:34,288 DEBUG StartConnectRemoteIntance 134 
 [Debug Message] - Node: [TaskCreator] IS RUNNING!
2017-03-09 10:43:35,332 DEBUG ConnectServerManager 30 
 [Debug Message] - ServerManager: [tcp://localhost:4000/ServerManager]
2017-03-09 10:46:48,293 DEBUG StartConnectRemoteIntance 129 
 [Debug Message] - Valid Hostname: [localhost] Port: [4001]
2017-03-09 10:46:48,321 DEBUG StartConnectRemoteIntance 133 
 [Debug Message] - Node: [TaskCreator] IS RUNNING!
2017-03-09 10:46:49,353 DEBUG ConnectServerManager 30 
 [Debug Message] - ServerManager: [tcp://localhost:4000/ServerManager]
2017-03-09 10:48:01,506 DEBUG StartConnectRemoteIntance 129 
 [Debug Message] - Valid Hostname: [localhost] Port: [4001]
2017-03-09 10:48:01,554 DEBUG StartConnectRemoteIntance 133 
 [Debug Message] - Node: [TaskCreator] IS RUNNING!
2017-03-09 10:48:02,593 DEBUG ConnectServerManager 30 
 [Debug Message] - ServerManager: [tcp://localhost:4000/ServerManager]
2017-03-09 10:48:11,878 DEBUG StartConnectRemoteIntance 129 
 [Debug Message] - Valid Hostname: [localhost] Port: [4002]
2017-03-09 10:48:11,900 ERROR StartConnectRemoteIntance 141 
 [Debug Message] - The channel 'tcp' is already registered.
2017-03-09 10:48:38,132 DEBUG StartConnectRemoteIntance 129 
 [Debug Message] - Valid Hostname: [localhost] Port: [4001]
2017-03-09 10:48:38,179 DEBUG StartConnectRemoteIntance 133 
 [Debug Message] - Node: [TaskCreator] IS RUNNING!
2017-03-09 10:48:39,210 DEBUG ConnectServerManager 30 
 [Debug Message] - ServerManager: [tcp://localhost:4000/ServerManager]
2017-03-09 10:48:39,210 DEBUG StartConnectRemoteIntance 129 
 [Debug Message] - Valid Hostname: [localhost] Port: [4003]
2017-03-09 10:48:39,225 ERROR StartConnectRemoteIntance 141 
 [Debug Message] - The channel 'tcp' is already registered.
2017-03-09 13:58:11,948 DEBUG StartConnectRemoteIntance 104 
 [Debug Message] - Valid Hostname: [localhost] Port: [4001]
2017-03-09 13:58:12,018 DEBUG StartConnectRemoteIntance 108 
 [Debug Message] - Node: [TaskCreator] IS RUNNING!
2017-03-09 13:58:13,150 DEBUG ConnectServerManager 30 
 [Debug Message] - ServerManager: [tcp://localhost:4000/ServerManager]
2017-03-09 13:58:25,270 DEBUG StartConnectRemoteIntance 104 
 [Debug Message] - Valid Hostname: [localhost] Port: [4003]
2017-03-09 13:58:25,333 ERROR StartConnectRemoteIntance 116 
 [Debug Message] - The channel 'tcp' is already registered.
2017-03-09 14:05:56,090 DEBUG StartConnectRemoteIntance 104 
 [Debug Message] - Valid Hostname: [localhost] Port: [5001]
2017-03-09 14:05:56,136 DEBUG StartConnectRemoteIntance 108 
 [Debug Message] - Node: [TaskCreator] IS RUNNING!
2017-03-09 14:05:57,174 DEBUG ConnectServerManager 30 
 [Debug Message] - ServerManager: [tcp://localhost:5000/ServerManager]
2017-03-09 14:06:12,898 DEBUG StartConnectRemoteIntance 104 
 [Debug Message] - Valid Hostname: [localhost] Port: [5002]
2017-03-09 14:09:47,369 ERROR StartConnectRemoteIntance 116 
 [Debug Message] - The channel 'tcp' is already registered.
2017-03-09 14:14:28,027 DEBUG StartConnectRemoteIntance 104 
 [Debug Message] - Valid Hostname: [localhost] Port: [5001]
2017-03-09 14:14:28,071 DEBUG StartConnectRemoteIntance 108 
 [Debug Message] - Node: [TaskCreator] IS RUNNING!
2017-03-09 14:14:29,184 ERROR ConnectServerManager 36 
 [Debug Message] - Object '/ServerManager' has been disconnected or does not exist at the server.
2017-03-09 14:14:29,185 ERROR ConnectServerManager 37 
 [Debug Message] - Cannot connect TaskCreator to ServerManager: [tcp://localhost:5000/ServerManager
2017-03-09 14:15:35,413 DEBUG StartConnectRemoteIntance 104 
 [Debug Message] - Valid Hostname: [localhost] Port: [5001]
2017-03-09 14:15:35,463 DEBUG StartConnectRemoteIntance 108 
 [Debug Message] - Node: [TaskCreator] IS RUNNING!
2017-03-09 14:15:36,503 ERROR ConnectServerManager 36 
 [Debug Message] - Object '/ServerManager' has been disconnected or does not exist at the server.
2017-03-09 14:15:36,505 ERROR ConnectServerManager 37 
 [Debug Message] - Cannot connect TaskCreator to ServerManager: [tcp://localhost:5000/ServerManager
2017-03-09 14:19:39,447 DEBUG StartConnectRemoteIntance 104 
 [Debug Message] - Valid Hostname: [localhost] Port: [5001]
2017-03-09 14:19:39,499 DEBUG StartConnectRemoteIntance 108 
 [Debug Message] - Node: [TaskCreator] IS RUNNING!
2017-03-09 14:19:40,570 ERROR ConnectServerManager 36 
 [Debug Message] - Object '/ServerManager' has been disconnected or does not exist at the server.
2017-03-09 14:19:40,571 ERROR ConnectServerManager 37 
 [Debug Message] - Cannot connect TaskCreator to ServerManager: [tcp://localhost:5000/ServerManager
2017-03-09 14:30:36,959 DEBUG StartConnectRemoteIntance 104 
 [Debug Message] - Valid Hostname: [localhost] Port: [5001]
2017-03-09 14:30:36,997 DEBUG StartConnectRemoteIntance 108 
 [Debug Message] - Node: [TaskCreator] IS RUNNING!
2017-03-09 14:30:38,026 DEBUG ConnectServerManager 30 
 [Debug Message] - ServerManager: [tcp://localhost:5000/ServerManager]
2017-03-09 14:31:17,299 DEBUG StartConnectRemoteIntance 104 
 [Debug Message] - Valid Hostname: [localhost] Port: [5002]
2017-03-09 14:31:31,714 ERROR StartConnectRemoteIntance 116 
 [Debug Message] - The channel 'tcp' is already registered.
2017-03-09 14:32:33,076 DEBUG StartConnectRemoteIntance 104 
 [Debug Message] - Valid Hostname: [localhost] Port: [5001]
2017-03-09 14:32:33,160 DEBUG StartConnectRemoteIntance 108 
 [Debug Message] - Node: [TaskCreator] IS RUNNING!
2017-03-09 14:32:34,193 DEBUG ConnectServerManager 30 
 [Debug Message] - ServerManager: [tcp://localhost:5000/ServerManager]
2017-03-09 14:32:37,640 DEBUG StartConnectRemoteIntance 104 
 [Debug Message] - Valid Hostname: [localhost] Port: [54003]
2017-03-09 14:32:37,686 ERROR StartConnectRemoteIntance 116 
 [Debug Message] - The channel 'tcp' is already registered.
2017-03-09 14:35:13,165 DEBUG StartConnectRemoteIntance 104 
 [Debug Message] - Valid Hostname: [localhost] Port: [5001]
2017-03-09 14:35:49,828 DEBUG StartConnectRemoteIntance 108 
 [Debug Message] - Node: [TaskCreator] IS RUNNING!
2017-03-09 14:35:50,867 DEBUG ConnectServerManager 30 
 [Debug Message] - ServerManager: [tcp://localhost:5000/ServerManager]
2017-03-09 14:35:58,746 DEBUG StartConnectRemoteIntance 104 
 [Debug Message] - Valid Hostname: [localhost] Port: [54003]
2017-03-09 14:36:40,454 ERROR StartConnectRemoteIntance 116 
 [Debug Message] - The channel 'tcp' is already registered.
2017-03-09 14:43:07,030 DEBUG StartConnectRemoteIntance 104 
 [Debug Message] - Valid Hostname: [localhost] Port: [5001]
2017-03-09 14:43:30,398 DEBUG StartConnectRemoteIntance 108 
 [Debug Message] - Node: [TaskCreator] IS RUNNING!
2017-03-09 14:43:31,444 DEBUG ConnectServerManager 30 
 [Debug Message] - ServerManager: [tcp://localhost:5000/ServerManager]
2017-03-09 14:43:40,727 DEBUG StartConnectRemoteIntance 104 
 [Debug Message] - Valid Hostname: [localhost] Port: [54003]
2017-03-09 14:44:53,033 ERROR StartConnectRemoteIntance 116 
 [Debug Message] - The channel 'tcp' is already registered.
2017-03-09 14:48:34,021 DEBUG StartConnectRemoteIntance 104 
 [Debug Message] - Valid Hostname: [localhost] Port: [5001]
2017-03-09 14:48:38,701 DEBUG StartConnectRemoteIntance 108 
 [Debug Message] - Node: [TaskCreator] IS RUNNING!
2017-03-09 14:48:38,770 ERROR ConnectServerManager 36 
 [Debug Message] - The channel 'tcp' is already registered.
2017-03-09 14:48:38,773 ERROR ConnectServerManager 37 
 [Debug Message] - Cannot connect TaskCreator to ServerManager: [tcp://localhost:5000/ServerManager
2017-03-09 14:48:59,745 DEBUG StartConnectRemoteIntance 104 
 [Debug Message] - Valid Hostname: [localhost] Port: [5001]
2017-03-09 14:49:01,704 DEBUG StartConnectRemoteIntance 108 
 [Debug Message] - Node: [TaskCreator] IS RUNNING!
2017-03-09 14:49:01,732 ERROR ConnectServerManager 36 
 [Debug Message] - The channel 'tcp' is already registered.
2017-03-09 14:49:01,734 ERROR ConnectServerManager 37 
 [Debug Message] - Cannot connect TaskCreator to ServerManager: [tcp://localhost:5000/ServerManager
2017-03-09 14:51:05,533 DEBUG StartConnectRemoteIntance 104 
 [Debug Message] - Valid Hostname: [localhost] Port: [5001]
2017-03-09 14:51:05,584 DEBUG StartConnectRemoteIntance 108 
 [Debug Message] - Node: [TaskCreator] IS RUNNING!
2017-03-09 14:51:06,663 DEBUG ConnectServerManager 30 
 [Debug Message] - ServerManager: [tcp://localhost:5000/ServerManager]
2017-03-09 14:51:16,956 DEBUG StartConnectRemoteIntance 104 
 [Debug Message] - Valid Hostname: [localhost] Port: [54003]
2017-03-09 14:51:20,473 DEBUG StartConnectRemoteIntance 108 
 [Debug Message] - Node: [TaskDistributor] IS RUNNING!
2017-03-09 14:51:20,481 DEBUG ConnectServerManager 30 
 [Debug Message] - ServerManager: [tcp://localhost:5000/ServerManager]
2017-03-09 14:57:05,696 DEBUG StartConnectRemoteIntance 104 
 [Debug Message] - Valid Hostname: [localhost] Port: [5001]
2017-03-09 14:57:05,759 DEBUG StartConnectRemoteIntance 108 
 [Debug Message] - Node: [TaskCreator] IS RUNNING!
2017-03-09 14:57:06,821 ERROR ConnectServerManager 38 
 [Debug Message] - Object '/ServerManager' has been disconnected or does not exist at the server.
2017-03-09 14:57:06,821 ERROR ConnectServerManager 39 
 [Debug Message] - Cannot connect TaskCreator to ServerManager: [tcp://localhost:5000/ServerManager
2017-03-09 14:57:52,801 DEBUG StartConnectRemoteIntance 104 
 [Debug Message] - Valid Hostname: [localhost] Port: [5001]
2017-03-09 14:57:52,879 DEBUG StartConnectRemoteIntance 108 
 [Debug Message] - Node: [TaskCreator] IS RUNNING!
2017-03-09 14:57:53,914 DEBUG ConnectServerManager 30 
 [Debug Message] - ServerManager: [tcp://localhost:5000/ServerManager]
2017-03-09 14:57:59,532 DEBUG StartConnectRemoteIntance 104 
 [Debug Message] - Valid Hostname: [localhost] Port: [54003]
2017-03-09 14:57:59,532 DEBUG StartConnectRemoteIntance 108 
 [Debug Message] - Node: [TaskDistributor] IS RUNNING!
2017-03-09 14:57:59,539 DEBUG ConnectServerManager 30 
 [Debug Message] - ServerManager: [tcp://localhost:5000/ServerManager]
2017-03-09 15:01:58,921 DEBUG StartConnectRemoteIntance 104 
 [Debug Message] - Valid Hostname: [localhost] Port: [5001]
2017-03-09 15:01:58,983 DEBUG StartConnectRemoteIntance 108 
 [Debug Message] - Node: [TaskCreator] IS RUNNING!
2017-03-09 15:02:00,076 DEBUG ConnectServerManager 30 
 [Debug Message] - ServerManager: [tcp://localhost:5000/ServerManager]
2017-03-09 15:02:00,186 DEBUG StartConnectRemoteIntance 104 
 [Debug Message] - Valid Hostname: [localhost] Port: [5002]
2017-03-09 15:02:00,186 DEBUG StartConnectRemoteIntance 108 
 [Debug Message] - Node: [TaskDistributor] IS RUNNING!
2017-03-09 15:02:00,201 DEBUG ConnectServerManager 30 
 [Debug Message] - ServerManager: [tcp://localhost:5000/ServerManager]
2017-03-09 15:02:23,688 DEBUG StartConnectRemoteIntance 104 
 [Debug Message] - Valid Hostname: [localhost] Port: [5001]
2017-03-09 15:02:23,719 DEBUG StartConnectRemoteIntance 108 
 [Debug Message] - Node: [TaskCreator] IS RUNNING!
2017-03-09 15:02:24,766 DEBUG ConnectServerManager 30 
 [Debug Message] - ServerManager: [tcp://localhost:5000/ServerManager]
2017-03-09 15:02:24,766 DEBUG StartConnectRemoteIntance 104 
 [Debug Message] - Valid Hostname: [localhost] Port: [5002]
2017-03-09 15:02:24,766 DEBUG StartConnectRemoteIntance 108 
 [Debug Message] - Node: [TaskDistributor] IS RUNNING!
2017-03-09 15:02:24,766 DEBUG ConnectServerManager 30 
 [Debug Message] - ServerManager: [tcp://localhost:5000/ServerManager]
2017-03-09 17:45:24,401 DEBUG StartConnectRemoteIntance 104 
 [Debug Message] - Valid Hostname: [localhost] Port: [5001]
2017-03-09 17:45:24,464 DEBUG StartConnectRemoteIntance 108 
 [Debug Message] - Node: [TaskCreator] IS RUNNING!
2017-03-09 17:45:25,514 DEBUG ConnectServerManager 30 
 [Debug Message] - ServerManager: [tcp://localhost:5000/ServerManager]
2017-03-09 17:45:25,515 DEBUG StartConnectRemoteIntance 104 
 [Debug Message] - Valid Hostname: [localhost] Port: [5002]
2017-03-09 17:45:25,515 DEBUG StartConnectRemoteIntance 108 
 [Debug Message] - Node: [TaskDistributor] IS RUNNING!
2017-03-09 17:45:25,521 DEBUG ConnectServerManager 30 
 [Debug Message] - ServerManager: [tcp://localhost:5000/ServerManager]
2017-03-09 17:45:25,522 DEBUG StartConnectRemoteIntance 104 
 [Debug Message] - Valid Hostname: [localhost] Port: [5003]
2017-03-09 17:45:25,523 DEBUG StartConnectRemoteIntance 108 
 [Debug Message] - Node: [ReportAggregator] IS RUNNING!
2017-03-09 17:45:25,526 DEBUG ConnectServerManager 30 
 [Debug Message] - ServerManager: [tcp://localhost:5000/ServerManager]
2017-03-09 17:47:18,391 DEBUG StartConnectRemoteIntance 104 
 [Debug Message] - Valid Hostname: [localhost] Port: [5001]
2017-03-09 17:47:18,430 DEBUG StartConnectRemoteIntance 108 
 [Debug Message] - Node: [TaskCreator] IS RUNNING!
2017-03-09 17:47:19,466 DEBUG ConnectServerManager 30 
 [Debug Message] - ServerManager: [tcp://localhost:5000/ServerManager]
2017-03-09 17:47:19,467 DEBUG StartConnectRemoteIntance 104 
 [Debug Message] - Valid Hostname: [localhost] Port: [5002]
2017-03-09 17:47:19,468 DEBUG StartConnectRemoteIntance 108 
 [Debug Message] - Node: [TaskDistributor] IS RUNNING!
2017-03-09 17:47:19,471 DEBUG ConnectServerManager 30 
 [Debug Message] - ServerManager: [tcp://localhost:5000/ServerManager]
2017-03-09 17:47:19,472 DEBUG StartConnectRemoteIntance 104 
 [Debug Message] - Valid Hostname: [localhost] Port: [5003]
2017-03-09 17:47:19,473 DEBUG StartConnectRemoteIntance 108 
 [Debug Message] - Node: [ReportAggregator] IS RUNNING!
2017-03-09 17:47:19,476 DEBUG ConnectServerManager 30 
 [Debug Message] - ServerManager: [tcp://localhost:5000/ServerManager]
2017-03-09 17:54:54,541 DEBUG StartConnectRemoteIntance 104 
 [Debug Message] - Valid Hostname: [localhost] Port: [5001]
2017-03-09 17:54:54,573 DEBUG StartConnectRemoteIntance 108 
 [Debug Message] - Node: [TaskCreator] IS RUNNING!
2017-03-09 17:54:55,620 DEBUG ConnectServerManager 30 
 [Debug Message] - ServerManager: [tcp://localhost:5000/ServerManager]
2017-03-09 17:54:55,620 DEBUG StartConnectRemoteIntance 104 
 [Debug Message] - Valid Hostname: [localhost] Port: [5002]
2017-03-09 17:54:55,620 DEBUG StartConnectRemoteIntance 108 
 [Debug Message] - Node: [TaskDistributor] IS RUNNING!
2017-03-09 17:54:55,620 DEBUG ConnectServerManager 30 
 [Debug Message] - ServerManager: [tcp://localhost:5000/ServerManager]
2017-03-09 17:54:55,620 DEBUG StartConnectRemoteIntance 104 
 [Debug Message] - Valid Hostname: [localhost] Port: [5003]
2017-03-09 17:54:55,620 DEBUG StartConnectRemoteIntance 108 
 [Debug Message] - Node: [ReportAggregator] IS RUNNING!
2017-03-09 17:54:55,620 DEBUG ConnectServerManager 30 
 [Debug Message] - ServerManager: [tcp://localhost:5000/ServerManager]
2017-03-09 17:54:55,620 DEBUG StartConnectRemoteIntance 104 
 [Debug Message] - Valid Hostname: [localhost] Port: [5004]
2017-03-09 17:54:55,620 DEBUG StartConnectRemoteIntance 108 
 [Debug Message] - Node: [IncentiveEngine] IS RUNNING!
2017-03-09 17:54:55,635 DEBUG ConnectServerManager 30 
 [Debug Message] - ServerManager: [tcp://localhost:5000/ServerManager]
2017-03-13 15:59:50,291 DEBUG StartConnectRemoteIntance 104 
 [Debug Message] - Valid Hostname: [localhost] Port: [5001]
2017-03-13 15:59:50,354 DEBUG StartConnectRemoteIntance 108 
 [Debug Message] - Node: [TaskCreator] IS RUNNING!
2017-03-13 15:59:51,463 DEBUG ConnectServerManager 30 
 [Debug Message] - ServerManager: [tcp://localhost:5000/ServerManager]
2017-03-13 15:59:51,463 DEBUG StartConnectRemoteIntance 104 
 [Debug Message] - Valid Hostname: [localhost] Port: [5002]
2017-03-13 15:59:51,463 DEBUG StartConnectRemoteIntance 108 
 [Debug Message] - Node: [TaskDistributor] IS RUNNING!
2017-03-13 15:59:51,463 DEBUG ConnectServerManager 30 
 [Debug Message] - ServerManager: [tcp://localhost:5000/ServerManager]
2017-03-13 15:59:51,463 DEBUG StartConnectRemoteIntance 104 
 [Debug Message] - Valid Hostname: [localhost] Port: [5003]
2017-03-13 15:59:51,463 DEBUG StartConnectRemoteIntance 108 
 [Debug Message] - Node: [ReportAggregator] IS RUNNING!
2017-03-13 15:59:51,479 DEBUG ConnectServerManager 30 
 [Debug Message] - ServerManager: [tcp://localhost:5000/ServerManager]
2017-03-13 15:59:51,479 DEBUG StartConnectRemoteIntance 104 
 [Debug Message] - Valid Hostname: [localhost] Port: [5004]
2017-03-13 15:59:51,479 DEBUG StartConnectRemoteIntance 108 
 [Debug Message] - Node: [IncentiveEngine] IS RUNNING!
2017-03-13 15:59:51,479 DEBUG ConnectServerManager 30 
 [Debug Message] - ServerManager: [tcp://localhost:5000/ServerManager]
2017-03-13 16:02:39,005 DEBUG StartConnectRemoteIntance 104 
 [Debug Message] - Valid Hostname: [localhost] Port: [5001]
2017-03-13 16:02:39,052 DEBUG StartConnectRemoteIntance 108 
 [Debug Message] - Node: [TaskCreator] IS RUNNING!
2017-03-13 16:02:40,115 DEBUG ConnectServerManager 30 
 [Debug Message] - ServerManager: [tcp://localhost:5000/ServerManager]
2017-03-13 16:02:40,115 DEBUG StartConnectRemoteIntance 104 
 [Debug Message] - Valid Hostname: [localhost] Port: [5002]
2017-03-13 16:02:40,115 DEBUG StartConnectRemoteIntance 108 
 [Debug Message] - Node: [TaskDistributor] IS RUNNING!
2017-03-13 16:02:40,130 DEBUG ConnectServerManager 30 
 [Debug Message] - ServerManager: [tcp://localhost:5000/ServerManager]
2017-03-13 16:02:40,130 DEBUG StartConnectRemoteIntance 104 
 [Debug Message] - Valid Hostname: [localhost] Port: [5003]
2017-03-13 16:02:40,130 DEBUG StartConnectRemoteIntance 108 
 [Debug Message] - Node: [ReportAggregator] IS RUNNING!
2017-03-13 16:02:40,130 DEBUG ConnectServerManager 30 
 [Debug Message] - ServerManager: [tcp://localhost:5000/ServerManager]
2017-03-13 16:02:40,130 DEBUG StartConnectRemoteIntance 104 
 [Debug Message] - Valid Hostname: [localhost] Port: [5004]
2017-03-13 16:02:40,130 DEBUG StartConnectRemoteIntance 108 
 [Debug Message] - Node: [IncentiveEngine] IS RUNNING!
2017-03-13 16:02:40,130 DEBUG ConnectServerManager 30 
 [Debug Message] - ServerManager: [tcp://localhost:5000/ServerManager]
2017-03-13 17:43:41,513 DEBUG Main 50 
 [Debug Message] - Valid XML File!
2017-03-13 17:43:41,528 DEBUG StartConnectRemoteIntance 101 
 [Debug Message] - Valid Hostname: [localhost] Port: [5001]
2017-03-13 17:43:41,560 DEBUG StartConnectRemoteIntance 105 
 [Debug Message] - Node: [TaskCreator] IS RUNNING!
2017-03-13 17:43:42,622 DEBUG ConnectServerManager 47 
 [Debug Message] - ServerManager: [tcp://localhost:5000/ServerManager]
2017-03-13 17:43:42,622 DEBUG StartConnectRemoteIntance 101 
 [Debug Message] - Valid Hostname: [localhost] Port: [5002]
2017-03-13 17:43:42,622 DEBUG StartConnectRemoteIntance 105 
 [Debug Message] - Node: [TaskDistributor] IS RUNNING!
2017-03-13 17:43:42,622 DEBUG ConnectServerManager 30 
 [Debug Message] - ServerManager: [tcp://localhost:5000/ServerManager]
2017-03-13 17:43:42,622 DEBUG StartConnectRemoteIntance 101 
 [Debug Message] - Valid Hostname: [localhost] Port: [5003]
2017-03-13 17:43:42,622 DEBUG StartConnectRemoteIntance 105 
 [Debug Message] - Node: [ReportAggregator] IS RUNNING!
2017-03-13 17:43:42,638 DEBUG ConnectServerManager 30 
 [Debug Message] - ServerManager: [tcp://localhost:5000/ServerManager]
2017-03-13 17:43:42,638 DEBUG StartConnectRemoteIntance 101 
 [Debug Message] - Valid Hostname: [localhost] Port: [5004]
2017-03-13 17:43:42,638 DEBUG StartConnectRemoteIntance 105 
 [Debug Message] - Node: [IncentiveEngine] IS RUNNING!
2017-03-13 17:43:42,638 DEBUG ConnectServerManager 30 
 [Debug Message] - ServerManager: [tcp://localhost:5000/ServerManager]
2017-03-14 17:44:44,325 DEBUG Main 50 
 [Debug Message] - Valid XML File!
2017-03-14 17:44:44,372 DEBUG StartConnectRemoteIntance 101 
 [Debug Message] - Valid Hostname: [localhost] Port: [5001]
2017-03-14 17:44:44,403 DEBUG StartConnectRemoteIntance 105 
 [Debug Message] - Node: [TaskCreator] IS RUNNING!
2017-03-14 17:44:45,496 DEBUG ConnectServerManager 31 
 [Debug Message] - ServerManager: [tcp://localhost:5000/ServerManager]
2017-03-14 17:44:45,496 DEBUG StartConnectRemoteIntance 101 
 [Debug Message] - Valid Hostname: [localhost] Port: [5002]
2017-03-14 17:44:45,496 DEBUG StartConnectRemoteIntance 105 
 [Debug Message] - Node: [TaskDistributor] IS RUNNING!
2017-03-14 17:44:45,496 DEBUG ConnectServerManager 30 
 [Debug Message] - ServerManager: [tcp://localhost:5000/ServerManager]
2017-03-14 17:44:45,496 DEBUG StartConnectRemoteIntance 101 
 [Debug Message] - Valid Hostname: [localhost] Port: [5003]
2017-03-14 17:44:45,496 DEBUG StartConnectRemoteIntance 105 
 [Debug Message] - Node: [ReportAggregator] IS RUNNING!
2017-03-14 17:44:45,512 DEBUG ConnectServerManager 30 
 [Debug Message] - ServerManager: [tcp://localhost:5000/ServerManager]
2017-03-14 17:44:45,512 DEBUG StartConnectRemoteIntance 101 
 [Debug Message] - Valid Hostname: [localhost] Port: [5004]
2017-03-14 17:44:45,512 DEBUG StartConnectRemoteIntance 105 
 [Debug Message] - Node: [IncentiveEngine] IS RUNNING!
2017-03-14 17:44:45,512 DEBUG ConnectServerManager 30 
 [Debug Message] - ServerManager: [tcp://localhost:5000/ServerManager]
2017-03-14 17:44:45,512 DEBUG StartConnectRemoteIntance 101 
 [Debug Message] - Valid Hostname: [localhost] Port: [5005]
2017-03-14 17:44:45,512 DEBUG StartConnectRemoteIntance 105 
 [Debug Message] - Node: [Repository] IS RUNNING!
2017-03-14 17:44:45,512 DEBUG ConnectServerManager 31 
 [Debug Message] - ServerManager: [tcp://localhost:5000/ServerManager]
2017-03-14 17:48:51,447 DEBUG Main 50 
 [Debug Message] - Valid XML File!
2017-03-14 17:48:51,481 DEBUG StartConnectRemoteIntance 101 
 [Debug Message] - Valid Hostname: [localhost] Port: [5001]
2017-03-14 17:48:51,655 DEBUG StartConnectRemoteIntance 105 
 [Debug Message] - Node: [TaskCreator] IS RUNNING!
2017-03-14 17:48:52,933 DEBUG ConnectServerManager 31 
 [Debug Message] - ServerManager: [tcp://localhost:5000/ServerManager]
2017-03-14 17:48:52,934 DEBUG StartConnectRemoteIntance 101 
 [Debug Message] - Valid Hostname: [localhost] Port: [5002]
2017-03-14 17:48:52,935 DEBUG StartConnectRemoteIntance 105 
 [Debug Message] - Node: [TaskDistributor] IS RUNNING!
2017-03-14 17:48:52,939 DEBUG ConnectServerManager 30 
 [Debug Message] - ServerManager: [tcp://localhost:5000/ServerManager]
2017-03-14 17:48:52,940 DEBUG StartConnectRemoteIntance 101 
 [Debug Message] - Valid Hostname: [localhost] Port: [5003]
2017-03-14 17:48:52,941 DEBUG StartConnectRemoteIntance 105 
 [Debug Message] - Node: [ReportAggregator] IS RUNNING!
2017-03-14 17:48:52,946 DEBUG ConnectServerManager 30 
 [Debug Message] - ServerManager: [tcp://localhost:5000/ServerManager]
2017-03-14 17:48:52,947 DEBUG StartConnectRemoteIntance 101 
 [Debug Message] - Valid Hostname: [localhost] Port: [5004]
2017-03-14 17:48:52,947 DEBUG StartConnectRemoteIntance 105 
 [Debug Message] - Node: [IncentiveEngine] IS RUNNING!
2017-03-14 17:48:52,947 DEBUG ConnectServerManager 30 
 [Debug Message] - ServerManager: [tcp://localhost:5000/ServerManager]
2017-03-14 17:48:52,947 DEBUG StartConnectRemoteIntance 101 
 [Debug Message] - Valid Hostname: [localhost] Port: [5005]
2017-03-14 17:48:52,947 DEBUG StartConnectRemoteIntance 105 
 [Debug Message] - Node: [Repository] IS RUNNING!
2017-03-14 17:48:52,947 DEBUG ConnectServerManager 31 
 [Debug Message] - ServerManager: [tcp://localhost:5000/ServerManager]
2017-03-14 17:50:08,896 DEBUG Main 50 
 [Debug Message] - Valid XML File!
2017-03-14 17:50:08,912 DEBUG StartConnectRemoteIntance 101 
 [Debug Message] - Valid Hostname: [localhost] Port: [5001]
2017-03-14 17:50:08,943 DEBUG StartConnectRemoteIntance 105 
 [Debug Message] - Node: [TaskCreator] IS RUNNING!
2017-03-14 17:50:09,986 DEBUG ConnectServerManager 31 
 [Debug Message] - ServerManager: [tcp://localhost:5000/ServerManager]
2017-03-14 17:50:09,986 DEBUG StartConnectRemoteIntance 101 
 [Debug Message] - Valid Hostname: [localhost] Port: [5002]
2017-03-14 17:50:09,986 DEBUG StartConnectRemoteIntance 105 
 [Debug Message] - Node: [TaskDistributor] IS RUNNING!
2017-03-14 17:50:10,001 DEBUG ConnectServerManager 30 
 [Debug Message] - ServerManager: [tcp://localhost:5000/ServerManager]
2017-03-14 17:50:10,001 DEBUG StartConnectRemoteIntance 101 
 [Debug Message] - Valid Hostname: [localhost] Port: [5003]
2017-03-14 17:50:10,001 DEBUG StartConnectRemoteIntance 105 
 [Debug Message] - Node: [ReportAggregator] IS RUNNING!
2017-03-14 17:50:10,001 DEBUG ConnectServerManager 30 
 [Debug Message] - ServerManager: [tcp://localhost:5000/ServerManager]
2017-03-14 17:50:10,001 DEBUG StartConnectRemoteIntance 101 
 [Debug Message] - Valid Hostname: [localhost] Port: [5004]
2017-03-14 17:50:10,001 DEBUG StartConnectRemoteIntance 105 
 [Debug Message] - Node: [IncentiveEngine] IS RUNNING!
2017-03-14 17:50:10,001 DEBUG ConnectServerManager 30 
 [Debug Message] - ServerManager: [tcp://localhost:5000/ServerManager]
2017-03-14 17:50:10,001 DEBUG StartConnectRemoteIntance 101 
 [Debug Message] - Valid Hostname: [localhost] Port: [5005]
2017-03-14 17:50:10,001 DEBUG StartConnectRemoteIntance 105 
 [Debug Message] - Node: [Repository] IS RUNNING!
2017-03-14 17:50:10,001 DEBUG ConnectServerManager 31 
 [Debug Message] - ServerManager: [tcp://localhost:5000/ServerManager]
2017-03-14 17:53:38,461 DEBUG Main 50 
 [Debug Message] - Valid XML File!
2017-03-14 17:53:38,493 DEBUG StartConnectRemoteIntance 101 
 [Debug Message] - Valid Hostname: [localhost] Port: [5001]
2017-03-14 17:53:38,512 DEBUG StartConnectRemoteIntance 105 
 [Debug Message] - Node: [TaskCreator] IS RUNNING!
2017-03-14 17:53:39,575 DEBUG ConnectServerManager 31 
 [Debug Message] - ServerManager: [tcp://localhost:5000/ServerManager]
2017-03-14 17:53:39,575 DEBUG StartConnectRemoteIntance 101 
 [Debug Message] - Valid Hostname: [localhost] Port: [5002]
2017-03-14 17:53:39,575 DEBUG StartConnectRemoteIntance 105 
 [Debug Message] - Node: [TaskDistributor] IS RUNNING!
2017-03-14 17:53:39,575 DEBUG ConnectServerManager 30 
 [Debug Message] - ServerManager: [tcp://localhost:5000/ServerManager]
2017-03-14 17:53:39,575 DEBUG StartConnectRemoteIntance 101 
 [Debug Message] - Valid Hostname: [localhost] Port: [5003]
2017-03-14 17:53:39,575 DEBUG StartConnectRemoteIntance 105 
 [Debug Message] - Node: [ReportAggregator] IS RUNNING!
2017-03-14 17:53:39,575 DEBUG ConnectServerManager 30 
 [Debug Message] - ServerManager: [tcp://localhost:5000/ServerManager]
2017-03-14 17:53:39,575 DEBUG StartConnectRemoteIntance 101 
 [Debug Message] - Valid Hostname: [localhost] Port: [5004]
2017-03-14 17:53:39,575 DEBUG StartConnectRemoteIntance 105 
 [Debug Message] - Node: [IncentiveEngine] IS RUNNING!
2017-03-14 17:53:39,590 DEBUG ConnectServerManager 30 
 [Debug Message] - ServerManager: [tcp://localhost:5000/ServerManager]
2017-03-14 17:53:39,590 DEBUG StartConnectRemoteIntance 101 
 [Debug Message] - Valid Hostname: [localhost] Port: [5005]
2017-03-14 17:53:39,590 DEBUG StartConnectRemoteIntance 105 
 [Debug Message] - Node: [Repository] IS RUNNING!
2017-03-14 17:53:39,590 DEBUG ConnectServerManager 31 
 [Debug Message] - ServerManager: [tcp://localhost:5000/ServerManager]
2017-03-14 17:58:11,421 DEBUG Main 50 
 [Debug Message] - Valid XML File!
2017-03-14 17:58:11,452 DEBUG StartConnectRemoteIntance 101 
 [Debug Message] - Valid Hostname: [localhost] Port: [5001]
2017-03-14 17:58:11,468 DEBUG StartConnectRemoteIntance 105 
 [Debug Message] - Node: [TaskCreator] IS RUNNING!
2017-03-14 17:58:12,547 DEBUG ConnectServerManager 31 
 [Debug Message] - ServerManager: [tcp://localhost:5000/ServerManager]
2017-03-14 17:58:12,547 DEBUG StartConnectRemoteIntance 101 
 [Debug Message] - Valid Hostname: [localhost] Port: [5002]
2017-03-14 17:58:12,547 DEBUG StartConnectRemoteIntance 105 
 [Debug Message] - Node: [TaskDistributor] IS RUNNING!
2017-03-14 17:58:12,547 DEBUG ConnectServerManager 30 
 [Debug Message] - ServerManager: [tcp://localhost:5000/ServerManager]
2017-03-14 17:58:12,547 DEBUG StartConnectRemoteIntance 101 
 [Debug Message] - Valid Hostname: [localhost] Port: [5003]
2017-03-14 17:58:12,547 DEBUG StartConnectRemoteIntance 105 
 [Debug Message] - Node: [ReportAggregator] IS RUNNING!
2017-03-14 17:58:12,547 DEBUG ConnectServerManager 30 
 [Debug Message] - ServerManager: [tcp://localhost:5000/ServerManager]
2017-03-14 17:58:12,547 DEBUG StartConnectRemoteIntance 101 
 [Debug Message] - Valid Hostname: [localhost] Port: [5004]
2017-03-14 17:58:12,547 DEBUG StartConnectRemoteIntance 105 
 [Debug Message] - Node: [IncentiveEngine] IS RUNNING!
2017-03-14 17:58:12,563 DEBUG ConnectServerManager 30 
 [Debug Message] - ServerManager: [tcp://localhost:5000/ServerManager]
2017-03-14 17:58:12,563 DEBUG StartConnectRemoteIntance 101 
 [Debug Message] - Valid Hostname: [localhost] Port: [5005]
2017-03-14 17:58:12,563 DEBUG StartConnectRemoteIntance 105 
 [Debug Message] - Node: [Repository] IS RUNNING!
2017-03-14 17:58:12,563 DEBUG ConnectServerManager 31 
 [Debug Message] - ServerManager: [tcp://localhost:5000/ServerManager]
2017-03-14 18:00:32,267 DEBUG Main 50 
 [Debug Message] - Valid XML File!
2017-03-14 18:00:32,283 DEBUG StartConnectRemoteIntance 101 
 [Debug Message] - Valid Hostname: [localhost] Port: [5001]
2017-03-14 18:00:32,314 DEBUG StartConnectRemoteIntance 105 
 [Debug Message] - Node: [TaskCreator] IS RUNNING!
2017-03-14 18:00:33,383 DEBUG ConnectServerManager 31 
 [Debug Message] - ServerManager: [tcp://localhost:5000/ServerManager]
2017-03-14 18:00:33,383 DEBUG StartConnectRemoteIntance 101 
 [Debug Message] - Valid Hostname: [localhost] Port: [5002]
2017-03-14 18:00:33,383 DEBUG StartConnectRemoteIntance 105 
 [Debug Message] - Node: [TaskDistributor] IS RUNNING!
2017-03-14 18:00:33,383 DEBUG ConnectServerManager 30 
 [Debug Message] - ServerManager: [tcp://localhost:5000/ServerManager]
2017-03-14 18:00:33,383 DEBUG StartConnectRemoteIntance 101 
 [Debug Message] - Valid Hostname: [localhost] Port: [5003]
2017-03-14 18:00:33,383 DEBUG StartConnectRemoteIntance 105 
 [Debug Message] - Node: [ReportAggregator] IS RUNNING!
2017-03-14 18:00:33,383 DEBUG ConnectServerManager 30 
 [Debug Message] - ServerManager: [tcp://localhost:5000/ServerManager]
2017-03-14 18:00:33,398 DEBUG StartConnectRemoteIntance 101 
 [Debug Message] - Valid Hostname: [localhost] Port: [5004]
2017-03-14 18:00:33,398 DEBUG StartConnectRemoteIntance 105 
 [Debug Message] - Node: [IncentiveEngine] IS RUNNING!
2017-03-14 18:00:33,398 DEBUG ConnectServerManager 30 
 [Debug Message] - ServerManager: [tcp://localhost:5000/ServerManager]
2017-03-14 18:00:33,398 DEBUG StartConnectRemoteIntance 101 
 [Debug Message] - Valid Hostname: [localhost] Port: [5005]
2017-03-14 18:00:33,398 DEBUG StartConnectRemoteIntance 105 
 [Debug Message] - Node: [Repository] IS RUNNING!
2017-03-14 18:00:33,398 DEBUG ConnectServerManager 31 
 [Debug Message] - ServerManager: [tcp://localhost:5000/ServerManager]
2017-03-14 18:01:35,009 DEBUG Main 50 
 [Debug Message] - Valid XML File!
2017-03-14 18:01:35,024 DEBUG StartConnectRemoteIntance 101 
 [Debug Message] - Valid Hostname: [localhost] Port: [5001]
2017-03-14 18:01:35,056 DEBUG StartConnectRemoteIntance 105 
 [Debug Message] - Node: [TaskCreator] IS RUNNING!
2017-03-14 18:01:36,182 DEBUG ConnectServerManager 31 
 [Debug Message] - ServerManager: [tcp://localhost:5000/ServerManager]
2017-03-14 18:01:36,197 DEBUG StartConnectRemoteIntance 101 
 [Debug Message] - Valid Hostname: [localhost] Port: [5002]
2017-03-14 18:01:36,198 DEBUG StartConnectRemoteIntance 105 
 [Debug Message] - Node: [TaskDistributor] IS RUNNING!
2017-03-14 18:01:36,202 DEBUG ConnectServerManager 30 
 [Debug Message] - ServerManager: [tcp://localhost:5000/ServerManager]
2017-03-14 18:01:36,202 DEBUG StartConnectRemoteIntance 101 
 [Debug Message] - Valid Hostname: [localhost] Port: [5003]
2017-03-14 18:01:36,203 DEBUG StartConnectRemoteIntance 105 
 [Debug Message] - Node: [ReportAggregator] IS RUNNING!
2017-03-14 18:01:36,206 DEBUG ConnectServerManager 30 
 [Debug Message] - ServerManager: [tcp://localhost:5000/ServerManager]
2017-03-14 18:01:36,207 DEBUG StartConnectRemoteIntance 101 
 [Debug Message] - Valid Hostname: [localhost] Port: [5004]
2017-03-14 18:01:36,208 DEBUG StartConnectRemoteIntance 105 
 [Debug Message] - Node: [IncentiveEngine] IS RUNNING!
2017-03-14 18:01:36,212 DEBUG ConnectServerManager 30 
 [Debug Message] - ServerManager: [tcp://localhost:5000/ServerManager]
2017-03-14 18:01:36,213 DEBUG StartConnectRemoteIntance 101 
 [Debug Message] - Valid Hostname: [localhost] Port: [5005]
2017-03-14 18:01:36,214 DEBUG StartConnectRemoteIntance 105 
 [Debug Message] - Node: [Repository] IS RUNNING!
2017-03-14 18:01:36,217 DEBUG ConnectServerManager 31 
 [Debug Message] - ServerManager: [tcp://localhost:5000/ServerManager]
2017-03-14 18:08:41,928 DEBUG Main 50 
 [Debug Message] - Valid XML File!
2017-03-14 18:08:41,959 DEBUG StartConnectRemoteIntance 101 
 [Debug Message] - Valid Hostname: [localhost] Port: [5001]
2017-03-14 18:08:41,990 DEBUG StartConnectRemoteIntance 105 
 [Debug Message] - Node: [TaskCreator] IS RUNNING!
2017-03-14 18:08:43,037 DEBUG ConnectServerManager 31 
 [Debug Message] - ServerManager: [tcp://localhost:5000/ServerManager]
2017-03-14 18:08:43,037 DEBUG StartConnectRemoteIntance 101 
 [Debug Message] - Valid Hostname: [localhost] Port: [5002]
2017-03-14 18:08:43,037 DEBUG StartConnectRemoteIntance 105 
 [Debug Message] - Node: [TaskDistributor] IS RUNNING!
2017-03-14 18:08:43,053 DEBUG ConnectServerManager 30 
 [Debug Message] - ServerManager: [tcp://localhost:5000/ServerManager]
2017-03-14 18:08:43,053 DEBUG StartConnectRemoteIntance 101 
 [Debug Message] - Valid Hostname: [localhost] Port: [5003]
2017-03-14 18:08:43,053 DEBUG StartConnectRemoteIntance 105 
 [Debug Message] - Node: [ReportAggregator] IS RUNNING!
2017-03-14 18:08:43,053 DEBUG ConnectServerManager 30 
 [Debug Message] - ServerManager: [tcp://localhost:5000/ServerManager]
2017-03-14 18:08:43,053 DEBUG StartConnectRemoteIntance 101 
 [Debug Message] - Valid Hostname: [localhost] Port: [5004]
2017-03-14 18:08:43,053 DEBUG StartConnectRemoteIntance 105 
 [Debug Message] - Node: [IncentiveEngine] IS RUNNING!
2017-03-14 18:08:43,053 DEBUG ConnectServerManager 30 
 [Debug Message] - ServerManager: [tcp://localhost:5000/ServerManager]
2017-03-14 18:08:43,053 DEBUG StartConnectRemoteIntance 101 
 [Debug Message] - Valid Hostname: [localhost] Port: [5005]
2017-03-14 18:08:43,053 DEBUG StartConnectRemoteIntance 105 
 [Debug Message] - Node: [Repository] IS RUNNING!
2017-03-14 18:08:43,069 DEBUG ConnectServerManager 31 
 [Debug Message] - ServerManager: [tcp://localhost:5000/ServerManager]
2017-03-14 18:28:39,870 DEBUG Main 50 
 [Debug Message] - Valid XML File!
2017-03-14 18:28:40,094 DEBUG StartConnectRemoteIntance 101 
 [Debug Message] - Valid Hostname: [localhost] Port: [5001]
2017-03-14 18:28:40,460 DEBUG StartConnectRemoteIntance 105 
 [Debug Message] - Node: [TaskCreator] IS RUNNING!
2017-03-14 18:28:41,624 DEBUG ConnectServerManager 31 
 [Debug Message] - ServerManager: [tcp://localhost:5000/ServerManager]
2017-03-14 18:28:41,625 DEBUG StartConnectRemoteIntance 101 
 [Debug Message] - Valid Hostname: [localhost] Port: [5002]
2017-03-14 18:28:41,627 DEBUG StartConnectRemoteIntance 105 
 [Debug Message] - Node: [TaskDistributor] IS RUNNING!
2017-03-14 18:28:41,631 DEBUG ConnectServerManager 30 
 [Debug Message] - ServerManager: [tcp://localhost:5000/ServerManager]
2017-03-14 18:28:41,632 DEBUG StartConnectRemoteIntance 101 
 [Debug Message] - Valid Hostname: [localhost] Port: [5003]
2017-03-14 18:28:41,633 DEBUG StartConnectRemoteIntance 105 
 [Debug Message] - Node: [ReportAggregator] IS RUNNING!
2017-03-14 18:28:41,644 DEBUG ConnectServerManager 30 
 [Debug Message] - ServerManager: [tcp://localhost:5000/ServerManager]
2017-03-14 18:28:41,645 DEBUG StartConnectRemoteIntance 101 
 [Debug Message] - Valid Hostname: [localhost] Port: [5004]
2017-03-14 18:28:41,646 DEBUG StartConnectRemoteIntance 105 
 [Debug Message] - Node: [IncentiveEngine] IS RUNNING!
2017-03-14 18:28:41,646 DEBUG ConnectServerManager 30 
 [Debug Message] - ServerManager: [tcp://localhost:5000/ServerManager]
2017-03-14 18:28:41,646 DEBUG StartConnectRemoteIntance 101 
 [Debug Message] - Valid Hostname: [localhost] Port: [5005]
2017-03-14 18:28:41,646 DEBUG StartConnectRemoteIntance 105 
 [Debug Message] - Node: [Repository] IS RUNNING!
2017-03-14 18:28:41,646 DEBUG ConnectServerManager 31 
 [Debug Message] - ServerManager: [tcp://localhost:5000/ServerManager]
2017-03-15 17:26:59,807 DEBUG Main 50 
 [Debug Message] - Valid XML File!
2017-03-15 17:26:59,854 DEBUG StartConnectRemoteIntance 101 
 [Debug Message] - Valid Hostname: [localhost] Port: [5001]
2017-03-15 17:26:59,869 DEBUG StartConnectRemoteIntance 105 
 [Debug Message] - Node: [TaskCreator] IS RUNNING!
2017-03-15 17:27:00,951 DEBUG ConnectServerManager 31 
 [Debug Message] - ServerManager: [tcp://localhost:5000/ServerManager]
2017-03-15 17:27:00,951 DEBUG StartConnectRemoteIntance 101 
 [Debug Message] - Valid Hostname: [localhost] Port: [5002]
2017-03-15 17:27:00,951 DEBUG StartConnectRemoteIntance 105 
 [Debug Message] - Node: [TaskDistributor] IS RUNNING!
2017-03-15 17:27:00,951 DEBUG ConnectServerManager 30 
 [Debug Message] - ServerManager: [tcp://localhost:5000/ServerManager]
2017-03-15 17:27:00,951 DEBUG StartConnectRemoteIntance 101 
 [Debug Message] - Valid Hostname: [localhost] Port: [5003]
2017-03-15 17:27:00,951 DEBUG StartConnectRemoteIntance 105 
 [Debug Message] - Node: [ReportAggregator] IS RUNNING!
2017-03-15 17:27:00,966 DEBUG ConnectServerManager 30 
 [Debug Message] - ServerManager: [tcp://localhost:5000/ServerManager]
2017-03-15 17:27:00,966 DEBUG StartConnectRemoteIntance 101 
 [Debug Message] - Valid Hostname: [localhost] Port: [5004]
2017-03-15 17:27:00,966 DEBUG StartConnectRemoteIntance 105 
 [Debug Message] - Node: [IncentiveEngine] IS RUNNING!
2017-03-15 17:27:00,966 DEBUG ConnectServerManager 30 
 [Debug Message] - ServerManager: [tcp://localhost:5000/ServerManager]
2017-03-15 17:27:00,966 DEBUG StartConnectRemoteIntance 101 
 [Debug Message] - Valid Hostname: [localhost] Port: [5005]
2017-03-15 17:27:00,966 DEBUG StartConnectRemoteIntance 105 
 [Debug Message] - Node: [Repository] IS RUNNING!
2017-03-15 17:27:00,982 DEBUG ConnectServerManager 31 
 [Debug Message] - ServerManager: [tcp://localhost:5000/ServerManager]
2017-03-15 17:32:15,954 DEBUG Main 50 
 [Debug Message] - Valid XML File!
2017-03-15 17:32:15,981 DEBUG StartConnectRemoteIntance 101 
 [Debug Message] - Valid Hostname: [localhost] Port: [5001]
2017-03-15 17:32:16,026 DEBUG StartConnectRemoteIntance 105 
 [Debug Message] - Node: [TaskCreator] IS RUNNING!
2017-03-15 17:32:17,347 ERROR ConnectServerManager 39 
 [Debug Message] - Object '/ServerManager' has been disconnected or does not exist at the server.
2017-03-15 17:32:17,352 ERROR ConnectServerManager 40 
 [Debug Message] - Cannot connect TaskCreator to ServerManager: [tcp://localhost:5000/ServerManager
2017-03-15 17:32:46,526 DEBUG Main 50 
 [Debug Message] - Valid XML File!
2017-03-15 17:32:46,552 DEBUG StartConnectRemoteIntance 101 
 [Debug Message] - Valid Hostname: [localhost] Port: [5001]
2017-03-15 17:32:46,621 DEBUG StartConnectRemoteIntance 105 
 [Debug Message] - Node: [TaskCreator] IS RUNNING!
2017-03-15 17:32:47,676 ERROR ConnectServerManager 39 
 [Debug Message] - Object '/ServerManager' has been disconnected or does not exist at the server.
2017-03-15 17:32:47,677 ERROR ConnectServerManager 40 
 [Debug Message] - Cannot connect TaskCreator to ServerManager: [tcp://localhost:5000/ServerManager
2017-03-15 17:33:55,339 DEBUG Main 50 
 [Debug Message] - Valid XML File!
2017-03-15 17:33:55,388 DEBUG StartConnectRemoteIntance 101 
 [Debug Message] - Valid Hostname: [localhost] Port: [5001]
2017-03-15 17:33:55,412 DEBUG StartConnectRemoteIntance 105 
 [Debug Message] - Node: [TaskCreator] IS RUNNING!
2017-03-15 17:33:59,462 ERROR ConnectServerManager 39 
 [Debug Message] - No connection could be made because the target machine actively refused it 127.0.0.1:5000
2017-03-15 17:33:59,463 ERROR ConnectServerManager 40 
 [Debug Message] - Cannot connect TaskCreator to ServerManager: [tcp://localhost:5000/ServerManager
2017-03-15 17:34:41,309 DEBUG Main 50 
 [Debug Message] - Valid XML File!
2017-03-15 17:34:41,332 DEBUG StartConnectRemoteIntance 101 
 [Debug Message] - Valid Hostname: [localhost] Port: [5001]
2017-03-15 17:34:41,348 DEBUG StartConnectRemoteIntance 105 
 [Debug Message] - Node: [TaskCreator] IS RUNNING!
2017-03-15 17:34:42,413 DEBUG ConnectServerManager 31 
 [Debug Message] - ServerManager: [tcp://localhost:5000/ServerManager]
2017-03-15 17:34:42,413 DEBUG StartConnectRemoteIntance 101 
 [Debug Message] - Valid Hostname: [localhost] Port: [5002]
2017-03-15 17:34:42,413 DEBUG StartConnectRemoteIntance 105 
 [Debug Message] - Node: [TaskDistributor] IS RUNNING!
2017-03-15 17:34:42,413 DEBUG ConnectServerManager 30 
 [Debug Message] - ServerManager: [tcp://localhost:5000/ServerManager]
2017-03-15 17:34:42,413 DEBUG StartConnectRemoteIntance 101 
 [Debug Message] - Valid Hostname: [localhost] Port: [5003]
2017-03-15 17:34:42,429 DEBUG StartConnectRemoteIntance 105 
 [Debug Message] - Node: [ReportAggregator] IS RUNNING!
2017-03-15 17:34:42,429 DEBUG ConnectServerManager 30 
 [Debug Message] - ServerManager: [tcp://localhost:5000/ServerManager]
2017-03-15 17:34:42,429 DEBUG StartConnectRemoteIntance 101 
 [Debug Message] - Valid Hostname: [localhost] Port: [5004]
2017-03-15 17:34:42,429 DEBUG StartConnectRemoteIntance 105 
 [Debug Message] - Node: [IncentiveEngine] IS RUNNING!
2017-03-15 17:34:42,429 DEBUG ConnectServerManager 30 
 [Debug Message] - ServerManager: [tcp://localhost:5000/ServerManager]
2017-03-15 17:34:42,429 DEBUG StartConnectRemoteIntance 101 
 [Debug Message] - Valid Hostname: [localhost] Port: [5005]
2017-03-15 17:34:42,429 DEBUG StartConnectRemoteIntance 105 
 [Debug Message] - Node: [Repository] IS RUNNING!
2017-03-15 17:34:42,445 DEBUG ConnectServerManager 31 
 [Debug Message] - ServerManager: [tcp://localhost:5000/ServerManager]
2017-03-15 17:38:36,474 DEBUG Main 50 
 [Debug Message] - Valid XML File!
2017-03-15 17:38:36,514 DEBUG StartConnectRemoteIntance 101 
 [Debug Message] - Valid Hostname: [localhost] Port: [5001]
2017-03-15 17:38:36,539 DEBUG StartConnectRemoteIntance 105 
 [Debug Message] - Node: [TaskCreator] IS RUNNING!
2017-03-15 17:38:37,665 DEBUG ConnectServerManager 31 
 [Debug Message] - ServerManager: [tcp://localhost:5000/ServerManager]
2017-03-15 17:38:37,666 DEBUG StartConnectRemoteIntance 101 
 [Debug Message] - Valid Hostname: [localhost] Port: [5002]
2017-03-15 17:38:37,667 DEBUG StartConnectRemoteIntance 105 
 [Debug Message] - Node: [TaskDistributor] IS RUNNING!
2017-03-15 17:38:37,672 DEBUG ConnectServerManager 30 
 [Debug Message] - ServerManager: [tcp://localhost:5000/ServerManager]
2017-03-15 17:38:37,673 DEBUG StartConnectRemoteIntance 101 
 [Debug Message] - Valid Hostname: [localhost] Port: [5003]
2017-03-15 17:38:37,674 DEBUG StartConnectRemoteIntance 105 
 [Debug Message] - Node: [ReportAggregator] IS RUNNING!
2017-03-15 17:38:37,677 DEBUG ConnectServerManager 30 
 [Debug Message] - ServerManager: [tcp://localhost:5000/ServerManager]
2017-03-15 17:38:37,678 DEBUG StartConnectRemoteIntance 101 
 [Debug Message] - Valid Hostname: [localhost] Port: [5004]
2017-03-15 17:38:37,678 DEBUG StartConnectRemoteIntance 105 
 [Debug Message] - Node: [IncentiveEngine] IS RUNNING!
2017-03-15 17:38:37,682 DEBUG ConnectServerManager 30 
 [Debug Message] - ServerManager: [tcp://localhost:5000/ServerManager]
2017-03-15 17:38:37,683 DEBUG StartConnectRemoteIntance 101 
 [Debug Message] - Valid Hostname: [localhost] Port: [5005]
2017-03-15 17:38:37,684 DEBUG StartConnectRemoteIntance 105 
 [Debug Message] - Node: [Repository] IS RUNNING!
2017-03-15 17:38:37,689 DEBUG ConnectServerManager 31 
 [Debug Message] - ServerManager: [tcp://localhost:5000/ServerManager]
2017-03-15 17:50:54,455 DEBUG Main 50 
 [Debug Message] - Valid XML File!
2017-03-15 17:50:54,490 DEBUG StartConnectRemoteIntance 101 
 [Debug Message] - Valid Hostname: [localhost] Port: [5001]
2017-03-15 17:50:54,518 DEBUG StartConnectRemoteIntance 105 
 [Debug Message] - Node: [TaskCreator] IS RUNNING!
2017-03-15 17:50:55,561 DEBUG ConnectServerManager 31 
 [Debug Message] - ServerManager: [tcp://localhost:5000/ServerManager]
2017-03-15 17:50:55,562 DEBUG StartConnectRemoteIntance 101 
 [Debug Message] - Valid Hostname: [localhost] Port: [5002]
2017-03-15 17:50:55,562 DEBUG StartConnectRemoteIntance 105 
 [Debug Message] - Node: [TaskDistributor] IS RUNNING!
2017-03-15 17:50:55,568 DEBUG ConnectServerManager 30 
 [Debug Message] - ServerManager: [tcp://localhost:5000/ServerManager]
2017-03-15 17:50:55,570 DEBUG StartConnectRemoteIntance 101 
 [Debug Message] - Valid Hostname: [localhost] Port: [5003]
2017-03-15 17:50:55,571 DEBUG StartConnectRemoteIntance 105 
 [Debug Message] - Node: [ReportAggregator] IS RUNNING!
2017-03-15 17:50:55,574 DEBUG ConnectServerManager 30 
 [Debug Message] - ServerManager: [tcp://localhost:5000/ServerManager]
2017-03-15 17:50:55,576 DEBUG StartConnectRemoteIntance 101 
 [Debug Message] - Valid Hostname: [localhost] Port: [5004]
2017-03-15 17:50:55,576 DEBUG StartConnectRemoteIntance 105 
 [Debug Message] - Node: [IncentiveEngine] IS RUNNING!
2017-03-15 17:50:55,580 DEBUG ConnectServerManager 30 
 [Debug Message] - ServerManager: [tcp://localhost:5000/ServerManager]
2017-03-15 17:50:55,581 DEBUG StartConnectRemoteIntance 101 
 [Debug Message] - Valid Hostname: [localhost] Port: [5005]
2017-03-15 17:50:55,582 DEBUG StartConnectRemoteIntance 105 
 [Debug Message] - Node: [Repository] IS RUNNING!
2017-03-15 17:50:55,586 DEBUG ConnectServerManager 31 
 [Debug Message] - ServerManager: [tcp://localhost:5000/ServerManager]
2017-03-15 17:59:13,439 DEBUG Main 50 
 [Debug Message] - Valid XML File!
2017-03-15 17:59:13,668 DEBUG StartConnectRemoteIntance 101 
 [Debug Message] - Valid Hostname: [localhost] Port: [5001]
2017-03-15 17:59:14,239 DEBUG StartConnectRemoteIntance 105 
 [Debug Message] - Node: [TaskCreator] IS RUNNING!
2017-03-15 17:59:18,612 ERROR ConnectServerManager 39 
 [Debug Message] - No connection could be made because the target machine actively refused it 127.0.0.1:5000
2017-03-15 17:59:18,614 ERROR ConnectServerManager 40 
 [Debug Message] - Cannot connect TaskCreator to ServerManager: [tcp://localhost:5000/ServerManager
2017-03-15 17:59:36,781 DEBUG Main 50 
 [Debug Message] - Valid XML File!
2017-03-15 17:59:36,802 DEBUG StartConnectRemoteIntance 101 
 [Debug Message] - Valid Hostname: [localhost] Port: [5001]
2017-03-15 17:59:36,824 DEBUG StartConnectRemoteIntance 105 
 [Debug Message] - Node: [TaskCreator] IS RUNNING!
2017-03-15 17:59:37,878 DEBUG ConnectServerManager 31 
 [Debug Message] - ServerManager: [tcp://localhost:5000/ServerManager]
2017-03-15 17:59:37,880 DEBUG StartConnectRemoteIntance 101 
 [Debug Message] - Valid Hostname: [localhost] Port: [5002]
2017-03-15 17:59:37,881 DEBUG StartConnectRemoteIntance 105 
 [Debug Message] - Node: [TaskDistributor] IS RUNNING!
2017-03-15 17:59:37,889 DEBUG ConnectServerManager 30 
 [Debug Message] - ServerManager: [tcp://localhost:5000/ServerManager]
2017-03-15 17:59:37,895 DEBUG StartConnectRemoteIntance 101 
 [Debug Message] - Valid Hostname: [localhost] Port: [5003]
2017-03-15 17:59:37,896 DEBUG StartConnectRemoteIntance 105 
 [Debug Message] - Node: [ReportAggregator] IS RUNNING!
2017-03-15 17:59:37,900 DEBUG ConnectServerManager 30 
 [Debug Message] - ServerManager: [tcp://localhost:5000/ServerManager]
2017-03-15 17:59:37,901 DEBUG StartConnectRemoteIntance 101 
 [Debug Message] - Valid Hostname: [localhost] Port: [5004]
2017-03-15 17:59:37,903 DEBUG StartConnectRemoteIntance 105 
 [Debug Message] - Node: [IncentiveEngine] IS RUNNING!
2017-03-15 17:59:37,906 DEBUG ConnectServerManager 30 
 [Debug Message] - ServerManager: [tcp://localhost:5000/ServerManager]
2017-03-15 17:59:37,907 DEBUG StartConnectRemoteIntance 101 
 [Debug Message] - Valid Hostname: [localhost] Port: [5005]
2017-03-15 17:59:37,908 DEBUG StartConnectRemoteIntance 105 
 [Debug Message] - Node: [Repository] IS RUNNING!
2017-03-15 17:59:37,911 DEBUG ConnectServerManager 31 
 [Debug Message] - ServerManager: [tcp://localhost:5000/ServerManager]
2017-03-15 17:59:50,732 DEBUG CreateTask 51 
 [Debug Message] - TaskCreator : TaskID: [cfb93074-8af4-47bf-947e-2c8f9c714110]
