2017-03-07 18:42:11,311 DEBUG This4That_server.Global - ConfigFile:This is a configurationFile
2017-03-07 18:44:29,860 DEBUG This4That_server.Global - ConfigFile:This is a configurationFile
2017-03-07 18:44:29,877 ERROR This4That_server.Global - invalid
2017-03-07 18:53:41,089 ERROR 30 This4That_server.Global - ERROR: 
2017-03-07 20:35:09,882 ERROR StartServerInstances 30 This4That_server.Global - ERROR: 
2017-03-07 20:36:05,178 ERROR C:\Users\Administrator\Documents\Projetos\This4That-master\This4That-server\Global.asax.cs StartServerInstances 30 This4That_server.Global - ERROR: 
2017-03-07 20:36:36,236 ERROR StartServerInstances 30 This4That_server.Global - ERROR: 
2017-03-07 20:38:24,102 ERROR StartServerInstances 30 
 [Message] - ERROR: 
2017-03-07 23:29:44,155 DEBUG Application_Start 27 
 [Debug Message] - This4That_server.Nodes.ServerManager
2017-03-08 18:47:15,290 ERROR ValidateXML 68 
 [Debug Message] - Could not find file 'C:\Program Files\IIS Express\Config\Instances.xsd'.
2017-03-08 18:48:42,671 ERROR ValidateXML 68 
 [Debug Message] - Could not find file 'C:\Program Files\IIS Express\Config\Instances.xsd'.
2017-03-08 18:51:06,971 ERROR ValidateXML 68 
 [Debug Message] - Could not find a part of the path 'C:\Program Files\Config\Instances.xsd'.
2017-03-08 19:02:33,621 ERROR ValidateXML 0 
 [Debug Message] - Could not find file 'C:\Program Files\IIS Express\Config\Instances.xsd'.
2017-03-08 19:04:09,790 ERROR ValidateXML 68 
 [Debug Message] - Could not find a part of the path 'C:\Program Files\IIS Express\~\Config\Instances.xsd'.
2017-03-08 19:07:45,722 ERROR ValidateXML 68 
 [Debug Message] - Could not find a part of the path 'C:\Program Files\IIS Express\~\Config\Instances.xsd'.
2017-03-08 19:08:26,742 ERROR ValidateXML 68 
 [Debug Message] - Could not find file 'C:\Users\Administrator\Documents\Projetos\This4That-master\This4That-server\Config\Instances.xsd'.
2017-03-08 19:09:06,117 ERROR ValidateXML 68 
 [Debug Message] - The targetNamespace parameter 'http://localhost:8080/This4That' should be the same value as the targetNamespace 'This4ThatNS' of the schema.
2017-03-08 19:10:28,285 ERROR ValidateXML 73 
 [Debug Message] - The XmlSchemaSet on the document is either null or has no schemas in it. Provide schema information before calling Validate.
2017-03-08 19:12:27,617 DEBUG ValidateXML 77 
 [Debug Message] - The XML has the right format!
2017-03-08 19:12:51,663 ERROR RegisterServerManagerNode 50 
 [Debug Message] - An attempt was made to access a socket in a way forbidden by its access permissions
2017-03-08 19:15:44,034 DEBUG ValidateXML 77 
 [Debug Message] - The XML has the right format!
2017-03-08 19:15:44,635 DEBUG RegisterServerManagerNode 53 
 [Debug Message] - ServerManager INITIATED!
2017-03-08 19:20:34,027 DEBUG RegisterTaskCreatorNode 74 
 [Debug Message] - TaskCreator node Loaded!
2017-03-08 19:20:59,879 DEBUG ValidateXML 77 
 [Debug Message] - The XML has the right format!
2017-03-08 19:20:59,963 ERROR RegisterServerManagerNode 50 
 [Debug Message] - Only one usage of each socket address (protocol/network address/port) is normally permitted
2017-03-08 19:22:34,914 DEBUG ValidateXML 77 
 [Debug Message] - The XML has the right format!
2017-03-08 19:22:34,966 DEBUG RegisterServerManagerNode 53 
 [Debug Message] - ServerManager INITIATED!
2017-03-08 19:23:16,783 DEBUG RegisterTaskCreatorNode 74 
 [Debug Message] - TaskCreator node Loaded!
2017-03-08 19:23:23,660 DEBUG LoadServerInstances 35 
 [Debug Message] - TaskCreator LOADED!
2017-03-08 22:34:58,024 ERROR LoadInstanceConfiguration 37 
 [Debug Message] - Object reference not set to an instance of an object.
2017-03-08 22:36:15,725 DEBUG ValidateXML 77 
 [Debug Message] - The XML has the right format!
2017-03-08 22:36:15,765 DEBUG RegisterServerManagerNode 74 
 [Debug Message] - ServerManager INITIATED!
2017-03-08 22:36:15,767 DEBUG WaitingForNodesRegistration 88 
 [Debug Message] - Waiting for other nodes...
2017-03-08 22:36:17,770 DEBUG WaitingForNodesRegistration 88 
 [Debug Message] - Waiting for other nodes...
2017-03-08 22:36:19,778 DEBUG WaitingForNodesRegistration 88 
 [Debug Message] - Waiting for other nodes...
2017-03-08 22:36:21,790 DEBUG WaitingForNodesRegistration 88 
 [Debug Message] - Waiting for other nodes...
2017-03-08 22:36:23,792 DEBUG WaitingForNodesRegistration 88 
 [Debug Message] - Waiting for other nodes...
2017-03-08 22:36:25,809 DEBUG WaitingForNodesRegistration 88 
 [Debug Message] - Waiting for other nodes...
2017-03-08 22:36:27,811 DEBUG WaitingForNodesRegistration 88 
 [Debug Message] - Waiting for other nodes...
2017-03-08 22:36:41,903 DEBUG WaitingForNodesRegistration 88 
 [Debug Message] - Waiting for other nodes...
2017-03-08 22:36:43,958 DEBUG WaitingForNodesRegistration 88 
 [Debug Message] - Waiting for other nodes...
2017-03-08 22:36:45,960 DEBUG WaitingForNodesRegistration 88 
 [Debug Message] - Waiting for other nodes...
2017-03-08 22:36:46,761 DEBUG RegisterTaskCreatorNode 109 
 [Debug Message] - TaskCreator node Loaded!
2017-03-08 22:36:48,739 DEBUG LoadServerInstances 27 
 [Debug Message] - TaskCreator LOADED!
2017-03-08 23:39:41,271 DEBUG RegisterServerManagerNode 48 
 [Debug Message] - ServerManager INITIATED!
2017-03-08 23:39:41,290 DEBUG WaitingForNodesRegistration 62 
 [Debug Message] - Waiting for other nodes...
2017-03-08 23:39:43,292 DEBUG WaitingForNodesRegistration 62 
 [Debug Message] - Waiting for other nodes...
2017-03-08 23:39:45,297 DEBUG WaitingForNodesRegistration 62 
 [Debug Message] - Waiting for other nodes...
2017-03-08 23:39:47,301 DEBUG WaitingForNodesRegistration 62 
 [Debug Message] - Waiting for other nodes...
2017-03-08 23:39:49,303 DEBUG WaitingForNodesRegistration 62 
 [Debug Message] - Waiting for other nodes...
2017-03-08 23:39:51,305 DEBUG WaitingForNodesRegistration 62 
 [Debug Message] - Waiting for other nodes...
2017-03-08 23:39:53,306 DEBUG WaitingForNodesRegistration 62 
 [Debug Message] - Waiting for other nodes...
2017-03-08 23:39:55,308 DEBUG WaitingForNodesRegistration 62 
 [Debug Message] - Waiting for other nodes...
2017-03-08 23:39:57,311 DEBUG WaitingForNodesRegistration 62 
 [Debug Message] - Waiting for other nodes...
2017-03-08 23:39:59,314 DEBUG WaitingForNodesRegistration 62 
 [Debug Message] - Waiting for other nodes...
2017-03-08 23:40:01,315 DEBUG WaitingForNodesRegistration 62 
 [Debug Message] - Waiting for other nodes...
2017-03-08 23:40:03,318 DEBUG WaitingForNodesRegistration 62 
 [Debug Message] - Waiting for other nodes...
2017-03-08 23:40:05,320 DEBUG WaitingForNodesRegistration 62 
 [Debug Message] - Waiting for other nodes...
2017-03-08 23:40:07,321 DEBUG WaitingForNodesRegistration 62 
 [Debug Message] - Waiting for other nodes...
2017-03-08 23:40:09,323 DEBUG WaitingForNodesRegistration 62 
 [Debug Message] - Waiting for other nodes...
2017-03-08 23:40:11,324 DEBUG WaitingForNodesRegistration 62 
 [Debug Message] - Waiting for other nodes...
2017-03-08 23:40:13,327 DEBUG WaitingForNodesRegistration 62 
 [Debug Message] - Waiting for other nodes...
2017-03-08 23:40:15,331 DEBUG WaitingForNodesRegistration 62 
 [Debug Message] - Waiting for other nodes...
2017-03-08 23:40:17,333 DEBUG WaitingForNodesRegistration 62 
 [Debug Message] - Waiting for other nodes...
2017-03-08 23:40:19,335 DEBUG WaitingForNodesRegistration 62 
 [Debug Message] - Waiting for other nodes...
2017-03-08 23:40:21,336 DEBUG WaitingForNodesRegistration 62 
 [Debug Message] - Waiting for other nodes...
2017-03-08 23:40:23,338 DEBUG WaitingForNodesRegistration 62 
 [Debug Message] - Waiting for other nodes...
2017-03-08 23:40:25,340 DEBUG WaitingForNodesRegistration 62 
 [Debug Message] - Waiting for other nodes...
2017-03-08 23:40:27,342 DEBUG WaitingForNodesRegistration 62 
 [Debug Message] - Waiting for other nodes...
2017-03-08 23:40:29,344 DEBUG WaitingForNodesRegistration 62 
 [Debug Message] - Waiting for other nodes...
2017-03-08 23:40:31,346 DEBUG WaitingForNodesRegistration 62 
 [Debug Message] - Waiting for other nodes...
2017-03-08 23:40:33,349 DEBUG WaitingForNodesRegistration 62 
 [Debug Message] - Waiting for other nodes...
2017-03-08 23:40:35,351 DEBUG WaitingForNodesRegistration 62 
 [Debug Message] - Waiting for other nodes...
2017-03-08 23:40:37,354 DEBUG WaitingForNodesRegistration 62 
 [Debug Message] - Waiting for other nodes...
2017-03-08 23:40:39,357 DEBUG WaitingForNodesRegistration 62 
 [Debug Message] - Waiting for other nodes...
2017-03-08 23:40:41,359 DEBUG WaitingForNodesRegistration 62 
 [Debug Message] - Waiting for other nodes...
2017-03-08 23:40:43,362 DEBUG WaitingForNodesRegistration 62 
 [Debug Message] - Waiting for other nodes...
2017-03-08 23:40:45,365 DEBUG WaitingForNodesRegistration 62 
 [Debug Message] - Waiting for other nodes...
2017-03-08 23:40:47,369 DEBUG WaitingForNodesRegistration 62 
 [Debug Message] - Waiting for other nodes...
2017-03-08 23:40:49,372 DEBUG WaitingForNodesRegistration 62 
 [Debug Message] - Waiting for other nodes...
2017-03-08 23:40:51,374 DEBUG WaitingForNodesRegistration 62 
 [Debug Message] - Waiting for other nodes...
2017-03-08 23:40:53,376 DEBUG WaitingForNodesRegistration 62 
 [Debug Message] - Waiting for other nodes...
2017-03-08 23:40:55,378 DEBUG WaitingForNodesRegistration 62 
 [Debug Message] - Waiting for other nodes...
2017-03-08 23:40:57,380 DEBUG WaitingForNodesRegistration 62 
 [Debug Message] - Waiting for other nodes...
2017-03-08 23:40:59,382 DEBUG WaitingForNodesRegistration 62 
 [Debug Message] - Waiting for other nodes...
2017-03-08 23:41:01,383 DEBUG WaitingForNodesRegistration 62 
 [Debug Message] - Waiting for other nodes...
2017-03-08 23:41:03,385 DEBUG WaitingForNodesRegistration 62 
 [Debug Message] - Waiting for other nodes...
2017-03-08 23:41:05,386 DEBUG WaitingForNodesRegistration 62 
 [Debug Message] - Waiting for other nodes...
2017-03-08 23:41:07,389 DEBUG WaitingForNodesRegistration 62 
 [Debug Message] - Waiting for other nodes...
2017-03-08 23:41:09,392 DEBUG WaitingForNodesRegistration 62 
 [Debug Message] - Waiting for other nodes...
2017-03-08 23:41:11,394 DEBUG WaitingForNodesRegistration 62 
 [Debug Message] - Waiting for other nodes...
2017-03-08 23:41:13,396 DEBUG WaitingForNodesRegistration 62 
 [Debug Message] - Waiting for other nodes...
2017-03-08 23:41:15,398 DEBUG WaitingForNodesRegistration 62 
 [Debug Message] - Waiting for other nodes...
2017-03-08 23:41:17,400 DEBUG WaitingForNodesRegistration 62 
 [Debug Message] - Waiting for other nodes...
2017-03-08 23:41:19,402 DEBUG WaitingForNodesRegistration 62 
 [Debug Message] - Waiting for other nodes...
2017-03-08 23:41:21,404 DEBUG WaitingForNodesRegistration 62 
 [Debug Message] - Waiting for other nodes...
2017-03-08 23:41:23,406 DEBUG WaitingForNodesRegistration 62 
 [Debug Message] - Waiting for other nodes...
2017-03-08 23:41:25,409 DEBUG WaitingForNodesRegistration 62 
 [Debug Message] - Waiting for other nodes...
2017-03-08 23:41:27,411 DEBUG WaitingForNodesRegistration 62 
 [Debug Message] - Waiting for other nodes...
2017-03-08 23:41:29,413 DEBUG WaitingForNodesRegistration 62 
 [Debug Message] - Waiting for other nodes...
2017-03-08 23:41:31,939 DEBUG WaitingForNodesRegistration 62 
 [Debug Message] - Waiting for other nodes...
2017-03-08 23:41:33,942 DEBUG WaitingForNodesRegistration 62 
 [Debug Message] - Waiting for other nodes...
2017-03-08 23:41:35,945 DEBUG WaitingForNodesRegistration 62 
 [Debug Message] - Waiting for other nodes...
2017-03-08 23:41:37,946 DEBUG WaitingForNodesRegistration 62 
 [Debug Message] - Waiting for other nodes...
2017-03-08 23:41:39,949 DEBUG WaitingForNodesRegistration 62 
 [Debug Message] - Waiting for other nodes...
2017-03-08 23:41:41,954 DEBUG WaitingForNodesRegistration 62 
 [Debug Message] - Waiting for other nodes...
2017-03-08 23:41:43,957 DEBUG WaitingForNodesRegistration 62 
 [Debug Message] - Waiting for other nodes...
2017-03-08 23:41:45,959 DEBUG WaitingForNodesRegistration 62 
 [Debug Message] - Waiting for other nodes...
2017-03-08 23:41:47,960 DEBUG WaitingForNodesRegistration 62 
 [Debug Message] - Waiting for other nodes...
2017-03-08 23:41:49,961 DEBUG WaitingForNodesRegistration 62 
 [Debug Message] - Waiting for other nodes...
2017-03-08 23:41:51,963 DEBUG WaitingForNodesRegistration 62 
 [Debug Message] - Waiting for other nodes...
2017-03-08 23:41:53,968 DEBUG WaitingForNodesRegistration 62 
 [Debug Message] - Waiting for other nodes...
2017-03-08 23:41:55,969 DEBUG WaitingForNodesRegistration 62 
 [Debug Message] - Waiting for other nodes...
2017-03-08 23:41:57,971 DEBUG WaitingForNodesRegistration 62 
 [Debug Message] - Waiting for other nodes...
2017-03-08 23:41:59,975 DEBUG WaitingForNodesRegistration 62 
 [Debug Message] - Waiting for other nodes...
2017-03-08 23:42:01,978 DEBUG WaitingForNodesRegistration 62 
 [Debug Message] - Waiting for other nodes...
2017-03-08 23:42:03,980 DEBUG WaitingForNodesRegistration 62 
 [Debug Message] - Waiting for other nodes...
2017-03-08 23:42:05,982 DEBUG WaitingForNodesRegistration 62 
 [Debug Message] - Waiting for other nodes...
2017-03-08 23:42:07,984 DEBUG WaitingForNodesRegistration 62 
 [Debug Message] - Waiting for other nodes...
2017-03-08 23:42:09,985 DEBUG WaitingForNodesRegistration 62 
 [Debug Message] - Waiting for other nodes...
2017-03-08 23:42:11,987 DEBUG WaitingForNodesRegistration 62 
 [Debug Message] - Waiting for other nodes...
2017-03-08 23:42:13,989 DEBUG WaitingForNodesRegistration 62 
 [Debug Message] - Waiting for other nodes...
2017-03-08 23:42:15,991 DEBUG WaitingForNodesRegistration 62 
 [Debug Message] - Waiting for other nodes...
2017-03-08 23:42:17,993 DEBUG WaitingForNodesRegistration 62 
 [Debug Message] - Waiting for other nodes...
2017-03-08 23:42:19,996 DEBUG WaitingForNodesRegistration 62 
 [Debug Message] - Waiting for other nodes...
2017-03-08 23:42:21,998 DEBUG WaitingForNodesRegistration 62 
 [Debug Message] - Waiting for other nodes...
2017-03-08 23:42:23,999 DEBUG WaitingForNodesRegistration 62 
 [Debug Message] - Waiting for other nodes...
2017-03-08 23:42:26,003 DEBUG WaitingForNodesRegistration 62 
 [Debug Message] - Waiting for other nodes...
2017-03-08 23:42:28,004 DEBUG WaitingForNodesRegistration 62 
 [Debug Message] - Waiting for other nodes...
2017-03-08 23:42:30,006 DEBUG WaitingForNodesRegistration 62 
 [Debug Message] - Waiting for other nodes...
2017-03-08 23:42:32,010 DEBUG WaitingForNodesRegistration 62 
 [Debug Message] - Waiting for other nodes...
2017-03-08 23:42:34,011 DEBUG WaitingForNodesRegistration 62 
 [Debug Message] - Waiting for other nodes...
2017-03-08 23:42:36,014 DEBUG WaitingForNodesRegistration 62 
 [Debug Message] - Waiting for other nodes...
2017-03-08 23:42:38,016 DEBUG WaitingForNodesRegistration 62 
 [Debug Message] - Waiting for other nodes...
2017-03-08 23:42:40,018 DEBUG WaitingForNodesRegistration 62 
 [Debug Message] - Waiting for other nodes...
2017-03-08 23:42:42,019 DEBUG WaitingForNodesRegistration 62 
 [Debug Message] - Waiting for other nodes...
2017-03-08 23:42:44,020 DEBUG WaitingForNodesRegistration 62 
 [Debug Message] - Waiting for other nodes...
2017-03-08 23:42:46,022 DEBUG WaitingForNodesRegistration 62 
 [Debug Message] - Waiting for other nodes...
2017-03-08 23:42:48,025 DEBUG WaitingForNodesRegistration 62 
 [Debug Message] - Waiting for other nodes...
2017-03-08 23:42:50,027 DEBUG WaitingForNodesRegistration 62 
 [Debug Message] - Waiting for other nodes...
2017-03-08 23:42:52,029 DEBUG WaitingForNodesRegistration 62 
 [Debug Message] - Waiting for other nodes...
2017-03-08 23:42:54,032 DEBUG WaitingForNodesRegistration 62 
 [Debug Message] - Waiting for other nodes...
2017-03-08 23:42:56,034 DEBUG WaitingForNodesRegistration 62 
 [Debug Message] - Waiting for other nodes...
2017-03-08 23:42:58,035 DEBUG WaitingForNodesRegistration 62 
 [Debug Message] - Waiting for other nodes...
2017-03-08 23:43:00,039 DEBUG WaitingForNodesRegistration 62 
 [Debug Message] - Waiting for other nodes...
2017-03-08 23:43:02,041 DEBUG WaitingForNodesRegistration 62 
 [Debug Message] - Waiting for other nodes...
2017-03-08 23:43:04,044 DEBUG WaitingForNodesRegistration 62 
 [Debug Message] - Waiting for other nodes...
2017-03-08 23:43:06,046 DEBUG WaitingForNodesRegistration 62 
 [Debug Message] - Waiting for other nodes...
2017-03-08 23:43:08,047 DEBUG WaitingForNodesRegistration 62 
 [Debug Message] - Waiting for other nodes...
2017-03-08 23:43:10,050 DEBUG WaitingForNodesRegistration 62 
 [Debug Message] - Waiting for other nodes...
2017-03-08 23:43:12,052 DEBUG WaitingForNodesRegistration 62 
 [Debug Message] - Waiting for other nodes...
2017-03-08 23:43:14,053 DEBUG WaitingForNodesRegistration 62 
 [Debug Message] - Waiting for other nodes...
2017-03-08 23:43:16,055 DEBUG WaitingForNodesRegistration 62 
 [Debug Message] - Waiting for other nodes...
2017-03-08 23:43:18,057 DEBUG WaitingForNodesRegistration 62 
 [Debug Message] - Waiting for other nodes...
2017-03-08 23:43:20,059 DEBUG WaitingForNodesRegistration 62 
 [Debug Message] - Waiting for other nodes...
2017-03-08 23:43:22,061 DEBUG WaitingForNodesRegistration 62 
 [Debug Message] - Waiting for other nodes...
2017-03-08 23:43:24,063 DEBUG WaitingForNodesRegistration 62 
 [Debug Message] - Waiting for other nodes...
2017-03-08 23:43:26,065 DEBUG WaitingForNodesRegistration 62 
 [Debug Message] - Waiting for other nodes...
2017-03-08 23:43:28,067 DEBUG WaitingForNodesRegistration 62 
 [Debug Message] - Waiting for other nodes...
2017-03-08 23:43:30,070 DEBUG WaitingForNodesRegistration 62 
 [Debug Message] - Waiting for other nodes...
2017-03-08 23:43:32,072 DEBUG WaitingForNodesRegistration 62 
 [Debug Message] - Waiting for other nodes...
2017-03-08 23:43:34,074 DEBUG WaitingForNodesRegistration 62 
 [Debug Message] - Waiting for other nodes...
2017-03-08 23:43:36,076 DEBUG WaitingForNodesRegistration 62 
 [Debug Message] - Waiting for other nodes...
2017-03-08 23:43:38,078 DEBUG WaitingForNodesRegistration 62 
 [Debug Message] - Waiting for other nodes...
2017-03-08 23:43:40,080 DEBUG WaitingForNodesRegistration 62 
 [Debug Message] - Waiting for other nodes...
2017-03-08 23:43:42,082 DEBUG WaitingForNodesRegistration 62 
 [Debug Message] - Waiting for other nodes...
2017-03-08 23:43:44,083 DEBUG WaitingForNodesRegistration 62 
 [Debug Message] - Waiting for other nodes...
2017-03-08 23:43:46,085 DEBUG WaitingForNodesRegistration 62 
 [Debug Message] - Waiting for other nodes...
2017-03-08 23:43:48,088 DEBUG WaitingForNodesRegistration 62 
 [Debug Message] - Waiting for other nodes...
2017-03-08 23:43:50,090 DEBUG WaitingForNodesRegistration 62 
 [Debug Message] - Waiting for other nodes...
2017-03-08 23:43:52,091 DEBUG WaitingForNodesRegistration 62 
 [Debug Message] - Waiting for other nodes...
2017-03-08 23:43:54,094 DEBUG WaitingForNodesRegistration 62 
 [Debug Message] - Waiting for other nodes...
2017-03-08 23:43:56,096 DEBUG WaitingForNodesRegistration 62 
 [Debug Message] - Waiting for other nodes...
2017-03-08 23:43:58,098 DEBUG WaitingForNodesRegistration 62 
 [Debug Message] - Waiting for other nodes...
2017-03-08 23:44:00,100 DEBUG WaitingForNodesRegistration 62 
 [Debug Message] - Waiting for other nodes...
2017-03-08 23:44:02,102 DEBUG WaitingForNodesRegistration 62 
 [Debug Message] - Waiting for other nodes...
2017-03-08 23:44:04,104 DEBUG WaitingForNodesRegistration 62 
 [Debug Message] - Waiting for other nodes...
2017-03-08 23:44:06,107 DEBUG WaitingForNodesRegistration 62 
 [Debug Message] - Waiting for other nodes...
2017-03-08 23:44:08,114 DEBUG WaitingForNodesRegistration 62 
 [Debug Message] - Waiting for other nodes...
2017-03-08 23:44:10,130 DEBUG WaitingForNodesRegistration 62 
 [Debug Message] - Waiting for other nodes...
2017-03-08 23:44:12,137 DEBUG WaitingForNodesRegistration 62 
 [Debug Message] - Waiting for other nodes...
2017-03-08 23:44:14,139 DEBUG WaitingForNodesRegistration 62 
 [Debug Message] - Waiting for other nodes...
2017-03-08 23:44:16,142 DEBUG WaitingForNodesRegistration 62 
 [Debug Message] - Waiting for other nodes...
2017-03-08 23:44:16,619 DEBUG RegisterTaskCreatorNode 107 
 [Debug Message] - TaskCreator node Loaded!
2017-03-08 23:44:18,144 DEBUG LoadServerInstance 25 
 [Debug Message] - TaskCreator LOADED!
2017-03-09 10:43:17,860 DEBUG RegisterServerManagerNode 49 
 [Debug Message] - ServerManager INITIATED!
2017-03-09 10:43:17,969 DEBUG WaitingForNodesRegistration 63 
 [Debug Message] - Waiting for other nodes...
2017-03-09 10:43:19,975 DEBUG WaitingForNodesRegistration 63 
 [Debug Message] - Waiting for other nodes...
2017-03-09 10:43:21,977 DEBUG WaitingForNodesRegistration 63 
 [Debug Message] - Waiting for other nodes...
2017-03-09 10:43:23,978 DEBUG WaitingForNodesRegistration 63 
 [Debug Message] - Waiting for other nodes...
2017-03-09 10:43:25,980 DEBUG WaitingForNodesRegistration 63 
 [Debug Message] - Waiting for other nodes...
2017-03-09 10:43:28,437 DEBUG WaitingForNodesRegistration 63 
 [Debug Message] - Waiting for other nodes...
2017-03-09 10:43:31,392 DEBUG WaitingForNodesRegistration 63 
 [Debug Message] - Waiting for other nodes...
2017-03-09 10:43:33,742 DEBUG WaitingForNodesRegistration 63 
 [Debug Message] - Waiting for other nodes...
2017-03-09 10:43:35,318 DEBUG RegisterTaskCreatorNode 108 
 [Debug Message] - Connected to TaskCreator Node!
2017-03-09 10:43:41,666 DEBUG LoadServerInstance 26 
 [Debug Message] - TaskCreator LOADED!
2017-03-09 10:46:49,353 DEBUG RegisterTaskCreatorNode 108 
 [Debug Message] - Connected to TaskCreator Node!
2017-03-09 10:48:02,577 DEBUG RegisterTaskCreatorNode 108 
 [Debug Message] - Connected to TaskCreator Node!
2017-03-09 10:48:39,210 DEBUG RegisterTaskCreatorNode 108 
 [Debug Message] - Connected to TaskCreator Node!
