2017-03-30 17:27:20,626 DEBUG StartConnectRemoteIntance 116 
 [Debug Message] - Valid Hostname: [localhost] Port: [5005]
2017-03-30 17:27:20,630 DEBUG StartConnectRemoteIntance 120 
 [Debug Message] - Node: [Repository] IS RUNNING!
2017-03-30 17:27:20,643 DEBUG ConnectServerManager 32 
 [Debug Message] - ServerManager: [tcp://localhost:5000/ServerManager]
2017-03-30 18:44:04,340 DEBUG StartConnectRemoteIntance 116 
 [Debug Message] - Valid Hostname: [localhost] Port: [5005]
2017-03-30 18:44:04,345 DEBUG StartConnectRemoteIntance 120 
 [Debug Message] - Node: [Repository] IS RUNNING!
2017-03-30 18:44:04,362 DEBUG ConnectServerManager 32 
 [Debug Message] - ServerManager: [tcp://localhost:5000/ServerManager]
2017-03-30 18:55:58,185 DEBUG StartConnectRemoteIntance 116 
 [Debug Message] - Valid Hostname: [localhost] Port: [5005]
2017-03-30 18:55:58,192 DEBUG StartConnectRemoteIntance 120 
 [Debug Message] - Node: [Repository] IS RUNNING!
2017-03-30 18:55:58,212 DEBUG ConnectServerManager 32 
 [Debug Message] - ServerManager: [tcp://localhost:5000/ServerManager]
2017-03-30 20:07:36,578 DEBUG StartConnectRemoteIntance 116 
 [Debug Message] - Valid Hostname: [localhost] Port: [5005]
2017-03-30 20:07:36,585 DEBUG StartConnectRemoteIntance 120 
 [Debug Message] - Node: [Repository] IS RUNNING!
2017-03-30 20:07:36,603 DEBUG ConnectServerManager 32 
 [Debug Message] - ServerManager: [tcp://localhost:5000/ServerManager]
2017-03-31 13:07:45,310 DEBUG StartConnectRemoteIntance 116 
 [Debug Message] - Valid Hostname: [localhost] Port: [5005]
2017-03-31 13:07:45,315 DEBUG StartConnectRemoteIntance 120 
 [Debug Message] - Node: [Repository] IS RUNNING!
2017-03-31 13:07:45,331 DEBUG ConnectServerManager 32 
 [Debug Message] - ServerManager: [tcp://localhost:5000/ServerManager]
2017-03-31 13:09:50,157 DEBUG StartConnectRemoteIntance 116 
 [Debug Message] - Valid Hostname: [localhost] Port: [5005]
2017-03-31 13:09:50,162 DEBUG StartConnectRemoteIntance 120 
 [Debug Message] - Node: [Repository] IS RUNNING!
2017-03-31 13:09:50,176 DEBUG ConnectServerManager 32 
 [Debug Message] - ServerManager: [tcp://localhost:5000/ServerManager]
2017-03-31 13:10:42,890 DEBUG StartConnectRemoteIntance 116 
 [Debug Message] - Valid Hostname: [localhost] Port: [5005]
2017-03-31 13:10:42,896 DEBUG StartConnectRemoteIntance 120 
 [Debug Message] - Node: [Repository] IS RUNNING!
2017-03-31 13:10:42,909 DEBUG ConnectServerManager 32 
 [Debug Message] - ServerManager: [tcp://localhost:5000/ServerManager]
2017-03-31 13:34:46,916 DEBUG StartConnectRemoteIntance 116 
 [Debug Message] - Valid Hostname: [localhost] Port: [5005]
2017-03-31 13:34:46,921 DEBUG StartConnectRemoteIntance 120 
 [Debug Message] - Node: [Repository] IS RUNNING!
2017-03-31 13:34:46,934 DEBUG ConnectServerManager 32 
 [Debug Message] - ServerManager: [tcp://localhost:5000/ServerManager]
2017-03-31 14:19:56,343 DEBUG StartConnectRemoteIntance 116 
 [Debug Message] - Valid Hostname: [localhost] Port: [5005]
2017-03-31 14:19:56,348 DEBUG StartConnectRemoteIntance 120 
 [Debug Message] - Node: [Repository] IS RUNNING!
2017-03-31 14:19:56,363 DEBUG ConnectServerManager 32 
 [Debug Message] - ServerManager: [tcp://localhost:5000/ServerManager]
2017-03-31 15:01:27,006 DEBUG StartConnectRemoteIntance 116 
 [Debug Message] - Valid Hostname: [localhost] Port: [5005]
2017-03-31 15:01:27,013 DEBUG StartConnectRemoteIntance 120 
 [Debug Message] - Node: [Repository] IS RUNNING!
2017-03-31 15:01:27,027 DEBUG ConnectServerManager 32 
 [Debug Message] - ServerManager: [tcp://localhost:5000/ServerManager]
2017-03-31 15:02:32,124 DEBUG StartConnectRemoteIntance 116 
 [Debug Message] - Valid Hostname: [localhost] Port: [5005]
2017-03-31 15:02:32,133 DEBUG StartConnectRemoteIntance 120 
 [Debug Message] - Node: [Repository] IS RUNNING!
2017-03-31 15:02:32,156 DEBUG ConnectServerManager 32 
 [Debug Message] - ServerManager: [tcp://localhost:5000/ServerManager]
2017-03-31 16:07:55,177 DEBUG StartConnectRemoteIntance 116 
 [Debug Message] - Valid Hostname: [localhost] Port: [5005]
2017-03-31 16:07:55,184 DEBUG StartConnectRemoteIntance 120 
 [Debug Message] - Node: [Repository] IS RUNNING!
2017-03-31 16:07:55,198 DEBUG ConnectServerManager 32 
 [Debug Message] - ServerManager: [tcp://localhost:5000/ServerManager]
2017-03-31 16:24:16,091 DEBUG StartConnectRemoteIntance 116 
 [Debug Message] - Valid Hostname: [localhost] Port: [5005]
2017-03-31 16:24:16,101 DEBUG StartConnectRemoteIntance 120 
 [Debug Message] - Node: [Repository] IS RUNNING!
2017-03-31 16:24:16,123 DEBUG ConnectServerManager 32 
 [Debug Message] - ServerManager: [tcp://localhost:5000/ServerManager]
2017-03-31 18:16:51,107 DEBUG StartConnectRemoteIntance 116 
 [Debug Message] - Valid Hostname: [localhost] Port: [5005]
2017-03-31 18:16:51,113 DEBUG StartConnectRemoteIntance 120 
 [Debug Message] - Node: [Repository] IS RUNNING!
2017-03-31 18:16:51,132 DEBUG ConnectServerManager 32 
 [Debug Message] - ServerManager: [tcp://localhost:5000/ServerManager]
2017-03-31 18:24:45,251 DEBUG StartConnectRemoteIntance 116 
 [Debug Message] - Valid Hostname: [localhost] Port: [5005]
2017-03-31 18:24:45,264 DEBUG StartConnectRemoteIntance 120 
 [Debug Message] - Node: [Repository] IS RUNNING!
2017-03-31 18:24:45,282 DEBUG ConnectServerManager 32 
 [Debug Message] - ServerManager: [tcp://localhost:5000/ServerManager]
2017-03-31 18:37:23,430 DEBUG StartConnectRemoteIntance 116 
 [Debug Message] - Valid Hostname: [localhost] Port: [5005]
2017-03-31 18:37:23,434 DEBUG StartConnectRemoteIntance 120 
 [Debug Message] - Node: [Repository] IS RUNNING!
2017-03-31 18:37:23,447 DEBUG ConnectServerManager 32 
 [Debug Message] - ServerManager: [tcp://localhost:5000/ServerManager]
2017-03-31 18:46:32,028 DEBUG StartConnectRemoteIntance 116 
 [Debug Message] - Valid Hostname: [localhost] Port: [5005]
2017-03-31 18:46:32,028 DEBUG StartConnectRemoteIntance 120 
 [Debug Message] - Node: [Repository] IS RUNNING!
2017-03-31 18:46:32,065 DEBUG ConnectServerManager 32 
 [Debug Message] - ServerManager: [tcp://localhost:5000/ServerManager]
2017-04-03 15:38:42,123 DEBUG StartConnectRemoteIntance 116 
 [Debug Message] - Valid Hostname: [localhost] Port: [5005]
2017-04-03 15:38:42,129 DEBUG StartConnectRemoteIntance 120 
 [Debug Message] - Node: [Repository] IS RUNNING!
2017-04-03 15:38:42,143 DEBUG ConnectServerManager 33 
 [Debug Message] - ServerManager: [tcp://localhost:5000/ServerManager]
2017-04-03 15:42:11,553 DEBUG StartConnectRemoteIntance 116 
 [Debug Message] - Valid Hostname: [localhost] Port: [5005]
2017-04-03 15:42:11,562 DEBUG StartConnectRemoteIntance 120 
 [Debug Message] - Node: [Repository] IS RUNNING!
2017-04-03 15:42:11,582 DEBUG ConnectServerManager 33 
 [Debug Message] - ServerManager: [tcp://localhost:5000/ServerManager]
2017-04-03 15:43:44,550 DEBUG StartConnectRemoteIntance 116 
 [Debug Message] - Valid Hostname: [localhost] Port: [5005]
2017-04-03 15:43:44,555 DEBUG StartConnectRemoteIntance 120 
 [Debug Message] - Node: [Repository] IS RUNNING!
2017-04-03 15:43:44,566 DEBUG ConnectServerManager 33 
 [Debug Message] - ServerManager: [tcp://localhost:5000/ServerManager]
2017-04-03 15:44:34,658 DEBUG StartConnectRemoteIntance 116 
 [Debug Message] - Valid Hostname: [localhost] Port: [5005]
2017-04-03 15:44:34,667 DEBUG StartConnectRemoteIntance 120 
 [Debug Message] - Node: [Repository] IS RUNNING!
2017-04-03 15:44:34,689 DEBUG ConnectServerManager 33 
 [Debug Message] - ServerManager: [tcp://localhost:5000/ServerManager]
2017-04-03 15:51:21,997 DEBUG StartConnectRemoteIntance 116 
 [Debug Message] - Valid Hostname: [localhost] Port: [5005]
2017-04-03 15:51:22,004 DEBUG StartConnectRemoteIntance 120 
 [Debug Message] - Node: [Repository] IS RUNNING!
2017-04-03 15:51:22,024 DEBUG ConnectServerManager 33 
 [Debug Message] - ServerManager: [tcp://localhost:5000/ServerManager]
2017-04-03 15:56:54,327 DEBUG StartConnectRemoteIntance 116 
 [Debug Message] - Valid Hostname: [localhost] Port: [5005]
2017-04-03 15:56:54,333 DEBUG StartConnectRemoteIntance 120 
 [Debug Message] - Node: [Repository] IS RUNNING!
2017-04-03 15:56:54,376 DEBUG ConnectServerManager 33 
 [Debug Message] - ServerManager: [tcp://localhost:5000/ServerManager]
2017-04-03 17:08:53,211 DEBUG StartConnectRemoteIntance 116 
 [Debug Message] - Valid Hostname: [localhost] Port: [5005]
2017-04-03 17:08:53,216 DEBUG StartConnectRemoteIntance 120 
 [Debug Message] - Node: [Repository] IS RUNNING!
2017-04-03 17:08:53,228 DEBUG ConnectServerManager 33 
 [Debug Message] - ServerManager: [tcp://localhost:5000/ServerManager]
2017-04-03 21:56:28,074 DEBUG StartConnectRemoteIntance 116 
 [Debug Message] - Valid Hostname: [localhost] Port: [5005]
2017-04-03 21:56:28,074 DEBUG StartConnectRemoteIntance 120 
 [Debug Message] - Node: [Repository] IS RUNNING!
2017-04-03 21:56:28,090 DEBUG ConnectServerManager 36 
 [Debug Message] - ServerManager: [tcp://localhost:5000/ServerManager]
2017-04-03 21:57:39,702 DEBUG StartConnectRemoteIntance 116 
 [Debug Message] - Valid Hostname: [localhost] Port: [5005]
2017-04-03 21:57:39,718 DEBUG StartConnectRemoteIntance 120 
 [Debug Message] - Node: [Repository] IS RUNNING!
2017-04-03 21:57:39,734 DEBUG ConnectServerManager 36 
 [Debug Message] - ServerManager: [tcp://localhost:5000/ServerManager]
2017-04-03 22:49:07,031 DEBUG StartConnectRemoteIntance 116 
 [Debug Message] - Valid Hostname: [localhost] Port: [5005]
2017-04-03 22:49:07,031 DEBUG StartConnectRemoteIntance 120 
 [Debug Message] - Node: [Repository] IS RUNNING!
2017-04-03 22:49:07,047 DEBUG ConnectServerManager 36 
 [Debug Message] - ServerManager: [tcp://localhost:5000/ServerManager]
2017-04-03 23:42:44,360 DEBUG StartConnectRemoteIntance 116 
 [Debug Message] - Valid Hostname: [localhost] Port: [5005]
2017-04-03 23:42:44,365 DEBUG StartConnectRemoteIntance 120 
 [Debug Message] - Node: [Repository] IS RUNNING!
2017-04-03 23:42:44,380 DEBUG ConnectServerManager 36 
 [Debug Message] - ServerManager: [tcp://localhost:5000/ServerManager]
2017-04-03 23:49:29,975 DEBUG StartConnectRemoteIntance 116 
 [Debug Message] - Valid Hostname: [localhost] Port: [5005]
2017-04-03 23:49:29,981 DEBUG StartConnectRemoteIntance 120 
 [Debug Message] - Node: [Repository] IS RUNNING!
2017-04-03 23:49:29,995 DEBUG ConnectServerManager 36 
 [Debug Message] - ServerManager: [tcp://localhost:5000/ServerManager]
2017-04-03 23:57:09,718 DEBUG StartConnectRemoteIntance 116 
 [Debug Message] - Valid Hostname: [localhost] Port: [5005]
2017-04-03 23:57:09,723 DEBUG StartConnectRemoteIntance 120 
 [Debug Message] - Node: [Repository] IS RUNNING!
2017-04-03 23:57:09,740 DEBUG ConnectServerManager 36 
 [Debug Message] - ServerManager: [tcp://localhost:5000/ServerManager]
2017-04-04 00:02:34,897 DEBUG StartConnectRemoteIntance 116 
 [Debug Message] - Valid Hostname: [localhost] Port: [5005]
2017-04-04 00:02:34,902 DEBUG StartConnectRemoteIntance 120 
 [Debug Message] - Node: [Repository] IS RUNNING!
2017-04-04 00:02:34,916 DEBUG ConnectServerManager 36 
 [Debug Message] - ServerManager: [tcp://localhost:5000/ServerManager]
2017-04-04 00:15:50,389 DEBUG StartConnectRemoteIntance 116 
 [Debug Message] - Valid Hostname: [localhost] Port: [5005]
2017-04-04 00:15:50,396 DEBUG StartConnectRemoteIntance 120 
 [Debug Message] - Node: [Repository] IS RUNNING!
2017-04-04 00:15:50,411 DEBUG ConnectServerManager 36 
 [Debug Message] - ServerManager: [tcp://localhost:5000/ServerManager]
2017-04-04 16:22:43,460 DEBUG StartConnectRemoteIntance 116 
 [Debug Message] - Valid Hostname: [localhost] Port: [5005]
2017-04-04 16:22:43,467 DEBUG StartConnectRemoteIntance 120 
 [Debug Message] - Node: [Repository] IS RUNNING!
2017-04-04 16:22:43,483 DEBUG ConnectServerManager 36 
 [Debug Message] - ServerManager: [tcp://localhost:5000/ServerManager]
2017-04-04 16:38:38,730 DEBUG StartConnectRemoteIntance 116 
 [Debug Message] - Valid Hostname: [localhost] Port: [5005]
2017-04-04 16:38:38,741 DEBUG StartConnectRemoteIntance 120 
 [Debug Message] - Node: [Repository] IS RUNNING!
2017-04-04 16:38:38,759 DEBUG ConnectServerManager 36 
 [Debug Message] - ServerManager: [tcp://localhost:5000/ServerManager]
2017-04-04 16:44:53,136 DEBUG StartConnectRemoteIntance 116 
 [Debug Message] - Valid Hostname: [localhost] Port: [5005]
2017-04-04 16:44:53,143 DEBUG StartConnectRemoteIntance 120 
 [Debug Message] - Node: [Repository] IS RUNNING!
2017-04-04 16:44:53,158 DEBUG ConnectServerManager 36 
 [Debug Message] - ServerManager: [tcp://localhost:5000/ServerManager]
2017-04-04 16:53:42,969 DEBUG StartConnectRemoteIntance 116 
 [Debug Message] - Valid Hostname: [localhost] Port: [5005]
2017-04-04 16:53:42,974 DEBUG StartConnectRemoteIntance 120 
 [Debug Message] - Node: [Repository] IS RUNNING!
2017-04-04 16:53:42,986 DEBUG ConnectServerManager 36 
 [Debug Message] - ServerManager: [tcp://localhost:5000/ServerManager]
2017-04-04 16:59:16,879 DEBUG StartConnectRemoteIntance 116 
 [Debug Message] - Valid Hostname: [localhost] Port: [5005]
2017-04-04 16:59:16,885 DEBUG StartConnectRemoteIntance 120 
 [Debug Message] - Node: [Repository] IS RUNNING!
2017-04-04 16:59:16,901 DEBUG ConnectServerManager 36 
 [Debug Message] - ServerManager: [tcp://localhost:5000/ServerManager]
2017-04-04 17:00:35,093 DEBUG StartConnectRemoteIntance 116 
 [Debug Message] - Valid Hostname: [localhost] Port: [5005]
2017-04-04 17:00:35,098 DEBUG StartConnectRemoteIntance 120 
 [Debug Message] - Node: [Repository] IS RUNNING!
2017-04-04 17:00:35,115 DEBUG ConnectServerManager 36 
 [Debug Message] - ServerManager: [tcp://localhost:5000/ServerManager]
2017-04-04 17:05:39,051 DEBUG StartConnectRemoteIntance 116 
 [Debug Message] - Valid Hostname: [localhost] Port: [5005]
2017-04-04 17:05:39,057 DEBUG StartConnectRemoteIntance 120 
 [Debug Message] - Node: [Repository] IS RUNNING!
2017-04-04 17:05:39,074 DEBUG ConnectServerManager 36 
 [Debug Message] - ServerManager: [tcp://localhost:5000/ServerManager]
2017-04-04 17:08:54,991 DEBUG StartConnectRemoteIntance 116 
 [Debug Message] - Valid Hostname: [localhost] Port: [5005]
2017-04-04 17:08:54,998 DEBUG StartConnectRemoteIntance 120 
 [Debug Message] - Node: [Repository] IS RUNNING!
2017-04-04 17:08:55,019 DEBUG ConnectServerManager 36 
 [Debug Message] - ServerManager: [tcp://localhost:5000/ServerManager]
2017-04-04 17:20:06,961 DEBUG StartConnectRemoteIntance 116 
 [Debug Message] - Valid Hostname: [localhost] Port: [5005]
2017-04-04 17:20:06,968 DEBUG StartConnectRemoteIntance 120 
 [Debug Message] - Node: [Repository] IS RUNNING!
2017-04-04 17:20:06,986 DEBUG ConnectServerManager 36 
 [Debug Message] - ServerManager: [tcp://localhost:5000/ServerManager]
2017-04-04 17:46:40,295 DEBUG StartConnectRemoteIntance 116 
 [Debug Message] - Valid Hostname: [localhost] Port: [5005]
2017-04-04 17:46:40,304 DEBUG StartConnectRemoteIntance 120 
 [Debug Message] - Node: [Repository] IS RUNNING!
2017-04-04 17:46:40,320 DEBUG ConnectServerManager 36 
 [Debug Message] - ServerManager: [tcp://localhost:5000/ServerManager]
2017-04-04 18:14:27,874 DEBUG StartConnectRemoteIntance 116 
 [Debug Message] - Valid Hostname: [localhost] Port: [5005]
2017-04-04 18:14:27,890 DEBUG StartConnectRemoteIntance 120 
 [Debug Message] - Node: [Repository] IS RUNNING!
2017-04-04 18:14:27,906 DEBUG ConnectServerManager 36 
 [Debug Message] - ServerManager: [tcp://localhost:5000/ServerManager]
2017-04-04 19:34:04,125 DEBUG StartConnectRemoteIntance 116 
 [Debug Message] - Valid Hostname: [localhost] Port: [5005]
2017-04-04 19:34:04,132 DEBUG StartConnectRemoteIntance 120 
 [Debug Message] - Node: [Repository] IS RUNNING!
2017-04-04 19:34:04,148 DEBUG ConnectServerManager 36 
 [Debug Message] - ServerManager: [tcp://localhost:5000/ServerManager]
2017-04-04 20:02:53,784 DEBUG StartConnectRemoteIntance 116 
 [Debug Message] - Valid Hostname: [localhost] Port: [5005]
2017-04-04 20:02:53,784 DEBUG StartConnectRemoteIntance 120 
 [Debug Message] - Node: [Repository] IS RUNNING!
2017-04-04 20:02:53,800 DEBUG ConnectServerManager 36 
 [Debug Message] - ServerManager: [tcp://localhost:5000/ServerManager]
2017-04-04 20:36:16,779 DEBUG StartConnectRemoteIntance 116 
 [Debug Message] - Valid Hostname: [localhost] Port: [5005]
2017-04-04 20:36:16,787 DEBUG StartConnectRemoteIntance 120 
 [Debug Message] - Node: [Repository] IS RUNNING!
2017-04-04 20:36:16,804 DEBUG ConnectServerManager 36 
 [Debug Message] - ServerManager: [tcp://localhost:5000/ServerManager]
2017-04-04 21:42:55,381 DEBUG StartConnectRemoteIntance 116 
 [Debug Message] - Valid Hostname: [localhost] Port: [5005]
2017-04-04 21:42:55,388 DEBUG StartConnectRemoteIntance 120 
 [Debug Message] - Node: [Repository] IS RUNNING!
2017-04-04 21:42:55,404 DEBUG ConnectServerManager 36 
 [Debug Message] - ServerManager: [tcp://localhost:5000/ServerManager]
2017-04-05 12:10:39,593 DEBUG StartConnectRemoteIntance 116 
 [Debug Message] - Valid Hostname: [194.210.134.200] Port: [5005]
2017-04-05 12:10:39,598 DEBUG StartConnectRemoteIntance 120 
 [Debug Message] - Node: [Repository] IS RUNNING!
2017-04-05 12:10:39,613 DEBUG ConnectServerManager 36 
 [Debug Message] - ServerManager: [tcp://194.210.134.200:5000/ServerManager]
2017-04-05 12:13:25,442 DEBUG StartConnectRemoteIntance 116 
 [Debug Message] - Valid Hostname: [194.210.134.200] Port: [5005]
2017-04-05 12:13:25,448 DEBUG StartConnectRemoteIntance 120 
 [Debug Message] - Node: [Repository] IS RUNNING!
2017-04-05 12:13:25,471 DEBUG ConnectServerManager 36 
 [Debug Message] - ServerManager: [tcp://194.210.134.200:5000/ServerManager]
2017-04-05 12:20:06,937 DEBUG StartConnectRemoteIntance 116 
 [Debug Message] - Valid Hostname: [194.210.134.200] Port: [5005]
2017-04-05 12:20:06,944 DEBUG StartConnectRemoteIntance 120 
 [Debug Message] - Node: [Repository] IS RUNNING!
2017-04-05 12:20:06,962 DEBUG ConnectServerManager 36 
 [Debug Message] - ServerManager: [tcp://194.210.134.200:5000/ServerManager]
2017-04-05 12:22:02,485 DEBUG StartConnectRemoteIntance 116 
 [Debug Message] - Valid Hostname: [194.210.134.200] Port: [5005]
2017-04-05 12:22:02,493 DEBUG StartConnectRemoteIntance 120 
 [Debug Message] - Node: [Repository] IS RUNNING!
2017-04-05 12:22:02,514 DEBUG ConnectServerManager 36 
 [Debug Message] - ServerManager: [tcp://194.210.134.200:5000/ServerManager]
2017-04-05 13:16:00,290 DEBUG StartConnectRemoteIntance 116 
 [Debug Message] - Valid Hostname: [194.210.134.200] Port: [5005]
2017-04-05 13:16:00,298 DEBUG StartConnectRemoteIntance 120 
 [Debug Message] - Node: [Repository] IS RUNNING!
2017-04-05 13:16:00,317 DEBUG ConnectServerManager 36 
 [Debug Message] - ServerManager: [tcp://194.210.134.200:5000/ServerManager]
2017-04-05 13:29:46,007 DEBUG StartConnectRemoteIntance 131 
 [Debug Message] - Valid Hostname: [194.210.134.200] Port: [5005]
2017-04-05 13:29:46,021 DEBUG StartConnectRemoteIntance 135 
 [Debug Message] - Node: [Repository] IS RUNNING!
2017-04-05 13:29:46,046 DEBUG ConnectServerManager 36 
 [Debug Message] - ServerManager: [tcp://194.210.134.200:5000/ServerManager]
2017-04-05 16:21:51,421 DEBUG StartConnectRemoteIntance 131 
 [Debug Message] - Valid Hostname: [localhost] Port: [5005]
2017-04-05 16:21:51,429 DEBUG StartConnectRemoteIntance 135 
 [Debug Message] - Node: [Repository] IS RUNNING!
2017-04-05 16:21:51,454 DEBUG ConnectServerManager 36 
 [Debug Message] - ServerManager: [tcp://localhost:5000/ServerManager]
2017-04-05 16:22:57,286 DEBUG StartConnectRemoteIntance 131 
 [Debug Message] - Valid Hostname: [localhost] Port: [5005]
2017-04-05 16:22:57,294 DEBUG StartConnectRemoteIntance 135 
 [Debug Message] - Node: [Repository] IS RUNNING!
2017-04-05 16:22:57,314 DEBUG ConnectServerManager 36 
 [Debug Message] - ServerManager: [tcp://localhost:5000/ServerManager]
2017-04-05 16:26:18,435 DEBUG StartConnectRemoteIntance 131 
 [Debug Message] - Valid Hostname: [localhost] Port: [5005]
2017-04-05 16:26:18,442 DEBUG StartConnectRemoteIntance 135 
 [Debug Message] - Node: [Repository] IS RUNNING!
2017-04-05 16:26:18,458 DEBUG ConnectServerManager 36 
 [Debug Message] - ServerManager: [tcp://localhost:5000/ServerManager]
2017-04-05 17:46:51,759 DEBUG StartConnectRemoteIntance 131 
 [Debug Message] - Valid Hostname: [localhost] Port: [5005]
2017-04-05 17:46:51,824 DEBUG StartConnectRemoteIntance 135 
 [Debug Message] - Node: [Repository] IS RUNNING!
2017-04-05 17:46:52,863 DEBUG ConnectServerManager 63 
 [Debug Message] - ServerManager: [tcp://localhost:5000/ServerManager]
2017-04-05 17:47:13,127 DEBUG SaveTask 110 
 [Debug Message] - Generated TaskID: [2e1dcb9d-9584-4b8c-acc3-a76f5468b2a0]
2017-04-05 17:47:13,133 DEBUG SaveTask 111 
 [Debug Message] - Task Saved with sucess!
2017-04-05 17:47:49,275 DEBUG SaveTask 110 
 [Debug Message] - Generated TaskID: [b89ff8ad-3f87-4718-afbf-f015b5066be6]
2017-04-05 17:47:49,283 DEBUG SaveTask 111 
 [Debug Message] - Task Saved with sucess!
2017-04-05 18:40:12,872 DEBUG StartConnectRemoteIntance 131 
 [Debug Message] - Valid Hostname: [localhost] Port: [5005]
2017-04-05 18:40:12,924 DEBUG StartConnectRemoteIntance 135 
 [Debug Message] - Node: [Repository] IS RUNNING!
2017-04-05 18:40:13,999 DEBUG ConnectServerManager 63 
 [Debug Message] - ServerManager: [tcp://localhost:5000/ServerManager]
2017-04-05 19:34:38,337 DEBUG StartConnectRemoteIntance 131 
 [Debug Message] - Valid Hostname: [localhost] Port: [5005]
2017-04-05 19:34:38,405 DEBUG StartConnectRemoteIntance 135 
 [Debug Message] - Node: [Repository] IS RUNNING!
2017-04-05 19:34:39,467 DEBUG ConnectServerManager 63 
 [Debug Message] - ServerManager: [tcp://localhost:5000/ServerManager]
2017-04-05 22:18:52,878 DEBUG StartConnectRemoteIntance 131 
 [Debug Message] - Valid Hostname: [localhost] Port: [5005]
2017-04-05 22:18:52,930 DEBUG StartConnectRemoteIntance 135 
 [Debug Message] - Node: [Repository] IS RUNNING!
2017-04-05 22:18:54,016 DEBUG ConnectServerManager 63 
 [Debug Message] - ServerManager: [tcp://localhost:5000/ServerManager]
2017-04-05 22:19:09,312 DEBUG SaveTask 110 
 [Debug Message] - Generated TaskID: [92affa7b-8cb4-4706-b8c9-cfad0046a061]
2017-04-05 22:19:09,320 DEBUG SaveTask 111 
 [Debug Message] - Task Saved with sucess!
2017-04-05 23:00:10,422 DEBUG SaveTask 110 
 [Debug Message] - Generated TaskID: [6b888b6a-8ff8-480a-b554-7273e543a152]
2017-04-05 23:00:10,438 DEBUG SaveTask 111 
 [Debug Message] - Task Saved with sucess!
2017-04-05 23:02:47,578 DEBUG SaveTask 110 
 [Debug Message] - Generated TaskID: [e5de742e-f2b5-4fd3-ae0a-c2926fd42de4]
2017-04-05 23:02:47,586 DEBUG SaveTask 111 
 [Debug Message] - Task Saved with sucess!
2017-04-05 23:02:56,051 DEBUG SaveTask 110 
 [Debug Message] - Generated TaskID: [6b32366e-d356-4307-bce4-5312c0b52d32]
2017-04-05 23:02:56,057 DEBUG SaveTask 111 
 [Debug Message] - Task Saved with sucess!
2017-04-05 23:03:46,061 DEBUG SaveTask 110 
 [Debug Message] - Generated TaskID: [b7936ffa-48de-4891-85b7-9ce09225ef18]
2017-04-05 23:03:46,066 DEBUG SaveTask 111 
 [Debug Message] - Task Saved with sucess!
2017-04-05 23:04:32,053 DEBUG SaveTask 110 
 [Debug Message] - Generated TaskID: [ca0dc904-06cc-4557-8987-b957bb0d3a4d]
2017-04-05 23:04:32,058 DEBUG SaveTask 111 
 [Debug Message] - Task Saved with sucess!
2017-04-05 23:06:01,718 DEBUG SaveTask 110 
 [Debug Message] - Generated TaskID: [6fbb5a6a-a3df-49b1-91b1-b23c59b68e5a]
2017-04-05 23:06:01,724 DEBUG SaveTask 111 
 [Debug Message] - Task Saved with sucess!
2017-04-05 23:06:17,476 DEBUG SaveTask 110 
 [Debug Message] - Generated TaskID: [3e532999-5855-4bc4-9836-2a63a2928852]
2017-04-05 23:06:17,483 DEBUG SaveTask 111 
 [Debug Message] - Task Saved with sucess!
2017-04-05 23:08:33,697 DEBUG SaveTask 110 
 [Debug Message] - Generated TaskID: [ed1575a7-cdee-483d-a86f-f3419d823f3a]
2017-04-05 23:08:33,702 DEBUG SaveTask 111 
 [Debug Message] - Task Saved with sucess!
2017-04-05 23:09:18,278 DEBUG SaveTask 110 
 [Debug Message] - Generated TaskID: [d132c2e9-6031-4c99-bd22-9f2ab8f5eb7b]
2017-04-05 23:09:18,284 DEBUG SaveTask 111 
 [Debug Message] - Task Saved with sucess!
2017-04-05 23:15:48,990 DEBUG SaveTask 110 
 [Debug Message] - Generated TaskID: [4a7341f6-2f85-43eb-94a5-051c1edef82f]
2017-04-05 23:15:49,007 DEBUG SaveTask 111 
 [Debug Message] - Task Saved with sucess!
2017-04-05 23:20:29,216 DEBUG SaveTask 110 
 [Debug Message] - Generated TaskID: [9e041491-1268-4dda-af55-242aaf18f50d]
2017-04-05 23:20:29,223 DEBUG SaveTask 111 
 [Debug Message] - Task Saved with sucess!
2017-04-05 23:20:41,110 DEBUG SaveTask 110 
 [Debug Message] - Generated TaskID: [c084520a-d5af-4dc0-ba5e-e4352c561aad]
2017-04-05 23:20:41,120 DEBUG SaveTask 111 
 [Debug Message] - Task Saved with sucess!
2017-04-05 23:20:42,388 DEBUG SaveTask 110 
 [Debug Message] - Generated TaskID: [9f91fcb4-3edc-48b0-80bc-b98d2cf72467]
2017-04-05 23:20:42,394 DEBUG SaveTask 111 
 [Debug Message] - Task Saved with sucess!
2017-04-05 23:20:44,823 DEBUG SaveTask 110 
 [Debug Message] - Generated TaskID: [9cf46871-c310-4a0d-a3f8-27b328516787]
2017-04-05 23:20:44,831 DEBUG SaveTask 111 
 [Debug Message] - Task Saved with sucess!
2017-04-05 23:21:11,893 DEBUG SaveTask 110 
 [Debug Message] - Generated TaskID: [aefcd7f9-6475-461b-9f46-c3a964ad8b6a]
2017-04-05 23:21:11,907 DEBUG SaveTask 111 
 [Debug Message] - Task Saved with sucess!
2017-04-06 09:20:37,582 DEBUG StartConnectRemoteIntance 131 
 [Debug Message] - Valid Hostname: [192.168.42.102] Port: [5005]
2017-04-06 09:20:37,651 DEBUG StartConnectRemoteIntance 135 
 [Debug Message] - Node: [Repository] IS RUNNING!
2017-04-06 09:20:37,733 DEBUG ConnectServerManager 63 
 [Debug Message] - ServerManager: [tcp://192.168.42.102:5000/ServerManager]
2017-04-06 09:31:42,615 DEBUG SaveTask 110 
 [Debug Message] - Generated TaskID: [4e02e5f8-d911-4ba9-9766-9f9687e5582e]
2017-04-06 09:31:42,634 DEBUG SaveTask 111 
 [Debug Message] - Task Saved with sucess!
2017-04-06 09:42:22,793 DEBUG StartConnectRemoteIntance 131 
 [Debug Message] - Valid Hostname: [192.168.42.102] Port: [5005]
2017-04-06 09:42:22,851 DEBUG StartConnectRemoteIntance 135 
 [Debug Message] - Node: [Repository] IS RUNNING!
2017-04-06 09:42:22,905 DEBUG ConnectServerManager 63 
 [Debug Message] - ServerManager: [tcp://192.168.42.102:5000/ServerManager]
2017-04-06 09:42:53,213 DEBUG SaveTask 110 
 [Debug Message] - Generated TaskID: [0371ccf5-6891-4fd6-9eab-e84cce9c1e5c]
2017-04-06 09:42:53,226 DEBUG SaveTask 111 
 [Debug Message] - Task Saved with sucess!
2017-04-06 09:47:12,108 DEBUG StartConnectRemoteIntance 131 
 [Debug Message] - Valid Hostname: [192.168.42.102] Port: [5005]
2017-04-06 09:47:12,177 DEBUG StartConnectRemoteIntance 135 
 [Debug Message] - Node: [Repository] IS RUNNING!
2017-04-06 09:47:12,238 DEBUG ConnectServerManager 63 
 [Debug Message] - ServerManager: [tcp://192.168.42.102:5000/ServerManager]
2017-04-06 09:47:24,046 DEBUG SaveTask 110 
 [Debug Message] - Generated TaskID: [bd7de397-b9d5-4aed-9d22-2ad4b3ca6192]
2017-04-06 09:47:24,056 DEBUG SaveTask 111 
 [Debug Message] - Task Saved with sucess!
2017-04-06 09:55:33,355 DEBUG StartConnectRemoteIntance 131 
 [Debug Message] - Valid Hostname: [192.168.42.102] Port: [5005]
2017-04-06 09:55:33,470 DEBUG StartConnectRemoteIntance 135 
 [Debug Message] - Node: [Repository] IS RUNNING!
2017-04-06 09:55:33,625 DEBUG ConnectServerManager 63 
 [Debug Message] - ServerManager: [tcp://192.168.42.102:5000/ServerManager]
2017-04-06 09:57:24,954 DEBUG SaveTask 110 
 [Debug Message] - Generated TaskID: [ea582f24-291b-4897-ab4d-1d5cf752d946]
2017-04-06 09:57:24,963 DEBUG SaveTask 111 
 [Debug Message] - Task Saved with sucess!
2017-04-06 09:57:32,407 DEBUG SaveTask 110 
 [Debug Message] - Generated TaskID: [893b9865-3ac4-4acd-acea-a75dfc83e4a0]
2017-04-06 09:57:32,424 DEBUG SaveTask 111 
 [Debug Message] - Task Saved with sucess!
2017-04-06 10:02:03,640 DEBUG SaveTask 110 
 [Debug Message] - Generated TaskID: [9b0daf0a-5885-4e67-9dc5-d90003b55d56]
2017-04-06 10:02:03,648 DEBUG SaveTask 111 
 [Debug Message] - Task Saved with sucess!
2017-04-06 10:02:20,368 DEBUG SaveTask 110 
 [Debug Message] - Generated TaskID: [303a4751-3679-4fee-8415-af27cab28319]
2017-04-06 10:02:20,413 DEBUG SaveTask 111 
 [Debug Message] - Task Saved with sucess!
2017-04-06 10:03:44,881 DEBUG StartConnectRemoteIntance 131 
 [Debug Message] - Valid Hostname: [192.168.42.102] Port: [5005]
2017-04-06 10:03:44,932 DEBUG StartConnectRemoteIntance 135 
 [Debug Message] - Node: [Repository] IS RUNNING!
2017-04-06 10:03:45,007 DEBUG ConnectServerManager 63 
 [Debug Message] - ServerManager: [tcp://192.168.42.102:5000/ServerManager]
2017-04-06 10:03:50,336 DEBUG SaveTask 110 
 [Debug Message] - Generated TaskID: [e588a8c5-eb3e-41f5-a5b6-9b74a58e1b9e]
2017-04-06 10:03:50,344 DEBUG SaveTask 111 
 [Debug Message] - Task Saved with sucess!
2017-04-06 10:04:28,979 DEBUG SaveTask 110 
 [Debug Message] - Generated TaskID: [5c942d1d-4b59-4853-96fa-2df7634130aa]
2017-04-06 10:04:28,988 DEBUG SaveTask 111 
 [Debug Message] - Task Saved with sucess!
2017-04-06 10:04:38,659 DEBUG SaveTask 110 
 [Debug Message] - Generated TaskID: [6b81d030-3214-464a-b54c-18f57eb7a248]
2017-04-06 10:04:38,668 DEBUG SaveTask 111 
 [Debug Message] - Task Saved with sucess!
2017-04-06 10:14:59,786 DEBUG StartConnectRemoteIntance 131 
 [Debug Message] - Valid Hostname: [192.168.42.102] Port: [5005]
2017-04-06 10:14:59,841 DEBUG StartConnectRemoteIntance 135 
 [Debug Message] - Node: [Repository] IS RUNNING!
2017-04-06 10:14:59,891 DEBUG ConnectServerManager 63 
 [Debug Message] - ServerManager: [tcp://192.168.42.102:5000/ServerManager]
2017-04-06 10:15:33,949 DEBUG SaveTask 110 
 [Debug Message] - Generated TaskID: [177e7b64-aa23-454f-aeea-c6dc5973f259]
2017-04-06 10:15:33,957 DEBUG SaveTask 111 
 [Debug Message] - Task Saved with sucess!
2017-04-06 10:15:39,988 DEBUG SaveTask 110 
 [Debug Message] - Generated TaskID: [f8a5e02b-3e88-4e12-acd3-85deb09f589f]
2017-04-06 10:15:40,023 DEBUG SaveTask 111 
 [Debug Message] - Task Saved with sucess!
2017-04-06 10:15:44,871 DEBUG SaveTask 110 
 [Debug Message] - Generated TaskID: [66cf21d5-a12e-4d11-b50c-d489f050ecc6]
2017-04-06 10:15:44,878 DEBUG SaveTask 111 
 [Debug Message] - Task Saved with sucess!
2017-04-06 10:36:58,900 DEBUG StartConnectRemoteIntance 131 
 [Debug Message] - Valid Hostname: [192.168.42.102] Port: [5005]
2017-04-06 10:36:58,945 DEBUG StartConnectRemoteIntance 135 
 [Debug Message] - Node: [Repository] IS RUNNING!
2017-04-06 10:36:59,000 DEBUG ConnectServerManager 63 
 [Debug Message] - ServerManager: [tcp://192.168.42.102:5000/ServerManager]
2017-04-06 10:37:29,190 DEBUG SaveTask 110 
 [Debug Message] - Generated TaskID: [e7858bf1-8194-49a6-87d9-f8137acd55da]
2017-04-06 10:37:29,199 DEBUG SaveTask 111 
 [Debug Message] - Task Saved with sucess!
2017-04-06 10:37:34,441 DEBUG SaveTask 110 
 [Debug Message] - Generated TaskID: [f1670b3a-3d0c-467a-90d2-de1d66975910]
2017-04-06 10:37:34,448 DEBUG SaveTask 111 
 [Debug Message] - Task Saved with sucess!
