2017-03-30 17:27:20,552 DEBUG StartConnectRemoteIntance 116 
 [Debug Message] - Valid Hostname: [localhost] Port: [5002]
2017-03-30 17:27:20,557 DEBUG StartConnectRemoteIntance 120 
 [Debug Message] - Node: [TaskDistributor] IS RUNNING!
2017-03-30 17:27:20,569 DEBUG ConnectServerManager 37 
 [Debug Message] - ServerManager: [tcp://localhost:5000/ServerManager]
2017-03-30 18:44:04,222 DEBUG StartConnectRemoteIntance 116 
 [Debug Message] - Valid Hostname: [localhost] Port: [5002]
2017-03-30 18:44:04,228 DEBUG StartConnectRemoteIntance 120 
 [Debug Message] - Node: [TaskDistributor] IS RUNNING!
2017-03-30 18:44:04,251 DEBUG ConnectServerManager 37 
 [Debug Message] - ServerManager: [tcp://localhost:5000/ServerManager]
2017-03-30 18:55:56,610 DEBUG StartConnectRemoteIntance 116 
 [Debug Message] - Valid Hostname: [localhost] Port: [5002]
2017-03-30 18:55:57,000 DEBUG StartConnectRemoteIntance 120 
 [Debug Message] - Node: [TaskDistributor] IS RUNNING!
2017-03-30 18:55:57,733 DEBUG ConnectServerManager 37 
 [Debug Message] - ServerManager: [tcp://localhost:5000/ServerManager]
2017-03-30 20:07:36,360 DEBUG StartConnectRemoteIntance 116 
 [Debug Message] - Valid Hostname: [localhost] Port: [5002]
2017-03-30 20:07:36,369 DEBUG StartConnectRemoteIntance 120 
 [Debug Message] - Node: [TaskDistributor] IS RUNNING!
2017-03-30 20:07:36,461 DEBUG ConnectServerManager 37 
 [Debug Message] - ServerManager: [tcp://localhost:5000/ServerManager]
2017-03-31 13:07:45,242 DEBUG StartConnectRemoteIntance 116 
 [Debug Message] - Valid Hostname: [localhost] Port: [5002]
2017-03-31 13:07:45,248 DEBUG StartConnectRemoteIntance 120 
 [Debug Message] - Node: [TaskDistributor] IS RUNNING!
2017-03-31 13:07:45,260 DEBUG ConnectServerManager 37 
 [Debug Message] - ServerManager: [tcp://localhost:5000/ServerManager]
2017-03-31 13:09:50,011 DEBUG StartConnectRemoteIntance 116 
 [Debug Message] - Valid Hostname: [localhost] Port: [5002]
2017-03-31 13:09:50,024 DEBUG StartConnectRemoteIntance 120 
 [Debug Message] - Node: [TaskDistributor] IS RUNNING!
2017-03-31 13:09:50,074 DEBUG ConnectServerManager 37 
 [Debug Message] - ServerManager: [tcp://localhost:5000/ServerManager]
2017-03-31 13:10:42,795 DEBUG StartConnectRemoteIntance 116 
 [Debug Message] - Valid Hostname: [localhost] Port: [5002]
2017-03-31 13:10:42,800 DEBUG StartConnectRemoteIntance 120 
 [Debug Message] - Node: [TaskDistributor] IS RUNNING!
2017-03-31 13:10:42,813 DEBUG ConnectServerManager 37 
 [Debug Message] - ServerManager: [tcp://localhost:5000/ServerManager]
2017-03-31 13:34:46,813 DEBUG StartConnectRemoteIntance 116 
 [Debug Message] - Valid Hostname: [localhost] Port: [5002]
2017-03-31 13:34:46,822 DEBUG StartConnectRemoteIntance 120 
 [Debug Message] - Node: [TaskDistributor] IS RUNNING!
2017-03-31 13:34:46,840 DEBUG ConnectServerManager 37 
 [Debug Message] - ServerManager: [tcp://localhost:5000/ServerManager]
2017-03-31 14:19:56,267 DEBUG StartConnectRemoteIntance 116 
 [Debug Message] - Valid Hostname: [localhost] Port: [5002]
2017-03-31 14:19:56,272 DEBUG StartConnectRemoteIntance 120 
 [Debug Message] - Node: [TaskDistributor] IS RUNNING!
2017-03-31 14:19:56,285 DEBUG ConnectServerManager 37 
 [Debug Message] - ServerManager: [tcp://localhost:5000/ServerManager]
2017-03-31 15:01:26,850 DEBUG StartConnectRemoteIntance 116 
 [Debug Message] - Valid Hostname: [localhost] Port: [5002]
2017-03-31 15:01:26,856 DEBUG StartConnectRemoteIntance 120 
 [Debug Message] - Node: [TaskDistributor] IS RUNNING!
2017-03-31 15:01:26,925 DEBUG ConnectServerManager 37 
 [Debug Message] - ServerManager: [tcp://localhost:5000/ServerManager]
2017-03-31 15:02:32,012 DEBUG StartConnectRemoteIntance 116 
 [Debug Message] - Valid Hostname: [localhost] Port: [5002]
2017-03-31 15:02:32,020 DEBUG StartConnectRemoteIntance 120 
 [Debug Message] - Node: [TaskDistributor] IS RUNNING!
2017-03-31 15:02:32,037 DEBUG ConnectServerManager 37 
 [Debug Message] - ServerManager: [tcp://localhost:5000/ServerManager]
2017-03-31 16:07:55,078 DEBUG StartConnectRemoteIntance 116 
 [Debug Message] - Valid Hostname: [localhost] Port: [5002]
2017-03-31 16:07:55,084 DEBUG StartConnectRemoteIntance 120 
 [Debug Message] - Node: [TaskDistributor] IS RUNNING!
2017-03-31 16:07:55,100 DEBUG ConnectServerManager 37 
 [Debug Message] - ServerManager: [tcp://localhost:5000/ServerManager]
2017-03-31 16:24:15,944 DEBUG StartConnectRemoteIntance 116 
 [Debug Message] - Valid Hostname: [localhost] Port: [5002]
2017-03-31 16:24:15,953 DEBUG StartConnectRemoteIntance 120 
 [Debug Message] - Node: [TaskDistributor] IS RUNNING!
2017-03-31 16:24:15,984 DEBUG ConnectServerManager 37 
 [Debug Message] - ServerManager: [tcp://localhost:5000/ServerManager]
2017-03-31 18:16:50,999 DEBUG StartConnectRemoteIntance 116 
 [Debug Message] - Valid Hostname: [localhost] Port: [5002]
2017-03-31 18:16:51,004 DEBUG StartConnectRemoteIntance 120 
 [Debug Message] - Node: [TaskDistributor] IS RUNNING!
2017-03-31 18:16:51,021 DEBUG ConnectServerManager 37 
 [Debug Message] - ServerManager: [tcp://localhost:5000/ServerManager]
2017-03-31 18:24:45,164 DEBUG StartConnectRemoteIntance 116 
 [Debug Message] - Valid Hostname: [localhost] Port: [5002]
2017-03-31 18:24:45,170 DEBUG StartConnectRemoteIntance 120 
 [Debug Message] - Node: [TaskDistributor] IS RUNNING!
2017-03-31 18:24:45,183 DEBUG ConnectServerManager 37 
 [Debug Message] - ServerManager: [tcp://localhost:5000/ServerManager]
2017-03-31 18:37:23,344 DEBUG StartConnectRemoteIntance 116 
 [Debug Message] - Valid Hostname: [localhost] Port: [5002]
2017-03-31 18:37:23,363 DEBUG StartConnectRemoteIntance 120 
 [Debug Message] - Node: [TaskDistributor] IS RUNNING!
2017-03-31 18:37:23,375 DEBUG ConnectServerManager 37 
 [Debug Message] - ServerManager: [tcp://localhost:5000/ServerManager]
2017-03-31 18:46:31,943 DEBUG StartConnectRemoteIntance 116 
 [Debug Message] - Valid Hostname: [localhost] Port: [5002]
2017-03-31 18:46:31,950 DEBUG StartConnectRemoteIntance 120 
 [Debug Message] - Node: [TaskDistributor] IS RUNNING!
2017-03-31 18:46:31,966 DEBUG ConnectServerManager 37 
 [Debug Message] - ServerManager: [tcp://localhost:5000/ServerManager]
2017-04-03 15:38:42,042 DEBUG StartConnectRemoteIntance 116 
 [Debug Message] - Valid Hostname: [localhost] Port: [5002]
2017-04-03 15:38:42,047 DEBUG StartConnectRemoteIntance 120 
 [Debug Message] - Node: [TaskDistributor] IS RUNNING!
2017-04-03 15:38:42,061 DEBUG ConnectServerManager 37 
 [Debug Message] - ServerManager: [tcp://localhost:5000/ServerManager]
2017-04-03 15:42:11,450 DEBUG StartConnectRemoteIntance 116 
 [Debug Message] - Valid Hostname: [localhost] Port: [5002]
2017-04-03 15:42:11,455 DEBUG StartConnectRemoteIntance 120 
 [Debug Message] - Node: [TaskDistributor] IS RUNNING!
2017-04-03 15:42:11,468 DEBUG ConnectServerManager 37 
 [Debug Message] - ServerManager: [tcp://localhost:5000/ServerManager]
2017-04-03 15:43:44,451 DEBUG StartConnectRemoteIntance 116 
 [Debug Message] - Valid Hostname: [localhost] Port: [5002]
2017-04-03 15:43:44,456 DEBUG StartConnectRemoteIntance 120 
 [Debug Message] - Node: [TaskDistributor] IS RUNNING!
2017-04-03 15:43:44,470 DEBUG ConnectServerManager 37 
 [Debug Message] - ServerManager: [tcp://localhost:5000/ServerManager]
2017-04-03 15:44:34,557 DEBUG StartConnectRemoteIntance 116 
 [Debug Message] - Valid Hostname: [localhost] Port: [5002]
2017-04-03 15:44:34,565 DEBUG StartConnectRemoteIntance 120 
 [Debug Message] - Node: [TaskDistributor] IS RUNNING!
2017-04-03 15:44:34,584 DEBUG ConnectServerManager 37 
 [Debug Message] - ServerManager: [tcp://localhost:5000/ServerManager]
2017-04-03 15:51:21,894 DEBUG StartConnectRemoteIntance 116 
 [Debug Message] - Valid Hostname: [localhost] Port: [5002]
2017-04-03 15:51:21,899 DEBUG StartConnectRemoteIntance 120 
 [Debug Message] - Node: [TaskDistributor] IS RUNNING!
2017-04-03 15:51:21,913 DEBUG ConnectServerManager 37 
 [Debug Message] - ServerManager: [tcp://localhost:5000/ServerManager]
2017-04-03 15:56:54,235 DEBUG StartConnectRemoteIntance 116 
 [Debug Message] - Valid Hostname: [localhost] Port: [5002]
2017-04-03 15:56:54,241 DEBUG StartConnectRemoteIntance 120 
 [Debug Message] - Node: [TaskDistributor] IS RUNNING!
2017-04-03 15:56:54,256 DEBUG ConnectServerManager 37 
 [Debug Message] - ServerManager: [tcp://localhost:5000/ServerManager]
2017-04-03 17:08:53,139 DEBUG StartConnectRemoteIntance 116 
 [Debug Message] - Valid Hostname: [localhost] Port: [5002]
2017-04-03 17:08:53,144 DEBUG StartConnectRemoteIntance 120 
 [Debug Message] - Node: [TaskDistributor] IS RUNNING!
2017-04-03 17:08:53,156 DEBUG ConnectServerManager 37 
 [Debug Message] - ServerManager: [tcp://localhost:5000/ServerManager]
2017-04-03 21:56:27,950 DEBUG StartConnectRemoteIntance 116 
 [Debug Message] - Valid Hostname: [localhost] Port: [5002]
2017-04-03 21:56:27,965 DEBUG StartConnectRemoteIntance 120 
 [Debug Message] - Node: [TaskDistributor] IS RUNNING!
2017-04-03 21:56:27,981 DEBUG ConnectServerManager 37 
 [Debug Message] - ServerManager: [tcp://localhost:5000/ServerManager]
2017-04-03 21:57:39,593 DEBUG StartConnectRemoteIntance 116 
 [Debug Message] - Valid Hostname: [localhost] Port: [5002]
2017-04-03 21:57:39,609 DEBUG StartConnectRemoteIntance 120 
 [Debug Message] - Node: [TaskDistributor] IS RUNNING!
2017-04-03 21:57:39,640 DEBUG ConnectServerManager 37 
 [Debug Message] - ServerManager: [tcp://localhost:5000/ServerManager]
2017-04-03 22:49:06,953 DEBUG StartConnectRemoteIntance 116 
 [Debug Message] - Valid Hostname: [localhost] Port: [5002]
2017-04-03 22:49:06,953 DEBUG StartConnectRemoteIntance 120 
 [Debug Message] - Node: [TaskDistributor] IS RUNNING!
2017-04-03 22:49:06,969 DEBUG ConnectServerManager 37 
 [Debug Message] - ServerManager: [tcp://localhost:5000/ServerManager]
2017-04-03 23:42:44,254 DEBUG StartConnectRemoteIntance 116 
 [Debug Message] - Valid Hostname: [localhost] Port: [5002]
2017-04-03 23:42:44,262 DEBUG StartConnectRemoteIntance 120 
 [Debug Message] - Node: [TaskDistributor] IS RUNNING!
2017-04-03 23:42:44,285 DEBUG ConnectServerManager 37 
 [Debug Message] - ServerManager: [tcp://localhost:5000/ServerManager]
2017-04-03 23:49:29,865 DEBUG StartConnectRemoteIntance 116 
 [Debug Message] - Valid Hostname: [localhost] Port: [5002]
2017-04-03 23:49:29,873 DEBUG StartConnectRemoteIntance 120 
 [Debug Message] - Node: [TaskDistributor] IS RUNNING!
2017-04-03 23:49:29,899 DEBUG ConnectServerManager 37 
 [Debug Message] - ServerManager: [tcp://localhost:5000/ServerManager]
2017-04-03 23:57:09,581 DEBUG StartConnectRemoteIntance 116 
 [Debug Message] - Valid Hostname: [localhost] Port: [5002]
2017-04-03 23:57:09,586 DEBUG StartConnectRemoteIntance 120 
 [Debug Message] - Node: [TaskDistributor] IS RUNNING!
2017-04-03 23:57:09,601 DEBUG ConnectServerManager 37 
 [Debug Message] - ServerManager: [tcp://localhost:5000/ServerManager]
2017-04-04 00:02:34,780 DEBUG StartConnectRemoteIntance 116 
 [Debug Message] - Valid Hostname: [localhost] Port: [5002]
2017-04-04 00:02:34,786 DEBUG StartConnectRemoteIntance 120 
 [Debug Message] - Node: [TaskDistributor] IS RUNNING!
2017-04-04 00:02:34,801 DEBUG ConnectServerManager 37 
 [Debug Message] - ServerManager: [tcp://localhost:5000/ServerManager]
2017-04-04 00:15:50,309 DEBUG StartConnectRemoteIntance 116 
 [Debug Message] - Valid Hostname: [localhost] Port: [5002]
2017-04-04 00:15:50,314 DEBUG StartConnectRemoteIntance 120 
 [Debug Message] - Node: [TaskDistributor] IS RUNNING!
2017-04-04 00:15:50,327 DEBUG ConnectServerManager 37 
 [Debug Message] - ServerManager: [tcp://localhost:5000/ServerManager]
2017-04-04 16:22:43,340 DEBUG StartConnectRemoteIntance 116 
 [Debug Message] - Valid Hostname: [localhost] Port: [5002]
2017-04-04 16:22:43,347 DEBUG StartConnectRemoteIntance 120 
 [Debug Message] - Node: [TaskDistributor] IS RUNNING!
2017-04-04 16:22:43,370 DEBUG ConnectServerManager 37 
 [Debug Message] - ServerManager: [tcp://localhost:5000/ServerManager]
2017-04-04 16:38:38,607 DEBUG StartConnectRemoteIntance 116 
 [Debug Message] - Valid Hostname: [localhost] Port: [5002]
2017-04-04 16:38:38,615 DEBUG StartConnectRemoteIntance 120 
 [Debug Message] - Node: [TaskDistributor] IS RUNNING!
2017-04-04 16:38:38,632 DEBUG ConnectServerManager 37 
 [Debug Message] - ServerManager: [tcp://localhost:5000/ServerManager]
2017-04-04 16:44:53,024 DEBUG StartConnectRemoteIntance 116 
 [Debug Message] - Valid Hostname: [localhost] Port: [5002]
2017-04-04 16:44:53,031 DEBUG StartConnectRemoteIntance 120 
 [Debug Message] - Node: [TaskDistributor] IS RUNNING!
2017-04-04 16:44:53,047 DEBUG ConnectServerManager 37 
 [Debug Message] - ServerManager: [tcp://localhost:5000/ServerManager]
2017-04-04 16:53:42,860 DEBUG StartConnectRemoteIntance 116 
 [Debug Message] - Valid Hostname: [localhost] Port: [5002]
2017-04-04 16:53:42,865 DEBUG StartConnectRemoteIntance 120 
 [Debug Message] - Node: [TaskDistributor] IS RUNNING!
2017-04-04 16:53:42,881 DEBUG ConnectServerManager 37 
 [Debug Message] - ServerManager: [tcp://localhost:5000/ServerManager]
2017-04-04 16:59:16,777 DEBUG StartConnectRemoteIntance 116 
 [Debug Message] - Valid Hostname: [localhost] Port: [5002]
2017-04-04 16:59:16,783 DEBUG StartConnectRemoteIntance 120 
 [Debug Message] - Node: [TaskDistributor] IS RUNNING!
2017-04-04 16:59:16,800 DEBUG ConnectServerManager 37 
 [Debug Message] - ServerManager: [tcp://localhost:5000/ServerManager]
2017-04-04 17:00:34,996 DEBUG StartConnectRemoteIntance 116 
 [Debug Message] - Valid Hostname: [localhost] Port: [5002]
2017-04-04 17:00:35,003 DEBUG StartConnectRemoteIntance 120 
 [Debug Message] - Node: [TaskDistributor] IS RUNNING!
2017-04-04 17:00:35,018 DEBUG ConnectServerManager 37 
 [Debug Message] - ServerManager: [tcp://localhost:5000/ServerManager]
2017-04-04 17:05:38,962 DEBUG StartConnectRemoteIntance 116 
 [Debug Message] - Valid Hostname: [localhost] Port: [5002]
2017-04-04 17:05:38,968 DEBUG StartConnectRemoteIntance 120 
 [Debug Message] - Node: [TaskDistributor] IS RUNNING!
2017-04-04 17:05:38,984 DEBUG ConnectServerManager 37 
 [Debug Message] - ServerManager: [tcp://localhost:5000/ServerManager]
2017-04-04 17:08:54,895 DEBUG StartConnectRemoteIntance 116 
 [Debug Message] - Valid Hostname: [localhost] Port: [5002]
2017-04-04 17:08:54,901 DEBUG StartConnectRemoteIntance 120 
 [Debug Message] - Node: [TaskDistributor] IS RUNNING!
2017-04-04 17:08:54,919 DEBUG ConnectServerManager 37 
 [Debug Message] - ServerManager: [tcp://localhost:5000/ServerManager]
2017-04-04 17:20:06,853 DEBUG StartConnectRemoteIntance 116 
 [Debug Message] - Valid Hostname: [localhost] Port: [5002]
2017-04-04 17:20:06,860 DEBUG StartConnectRemoteIntance 120 
 [Debug Message] - Node: [TaskDistributor] IS RUNNING!
2017-04-04 17:20:06,877 DEBUG ConnectServerManager 37 
 [Debug Message] - ServerManager: [tcp://localhost:5000/ServerManager]
2017-04-04 17:46:40,201 DEBUG StartConnectRemoteIntance 116 
 [Debug Message] - Valid Hostname: [localhost] Port: [5002]
2017-04-04 17:46:40,208 DEBUG StartConnectRemoteIntance 120 
 [Debug Message] - Node: [TaskDistributor] IS RUNNING!
2017-04-04 17:46:40,221 DEBUG ConnectServerManager 37 
 [Debug Message] - ServerManager: [tcp://localhost:5000/ServerManager]
2017-04-04 18:14:27,765 DEBUG StartConnectRemoteIntance 116 
 [Debug Message] - Valid Hostname: [localhost] Port: [5002]
2017-04-04 18:14:27,765 DEBUG StartConnectRemoteIntance 120 
 [Debug Message] - Node: [TaskDistributor] IS RUNNING!
2017-04-04 18:14:27,796 DEBUG ConnectServerManager 37 
 [Debug Message] - ServerManager: [tcp://localhost:5000/ServerManager]
2017-04-04 19:34:03,988 DEBUG StartConnectRemoteIntance 116 
 [Debug Message] - Valid Hostname: [localhost] Port: [5002]
2017-04-04 19:34:03,995 DEBUG StartConnectRemoteIntance 120 
 [Debug Message] - Node: [TaskDistributor] IS RUNNING!
2017-04-04 19:34:04,028 DEBUG ConnectServerManager 37 
 [Debug Message] - ServerManager: [tcp://localhost:5000/ServerManager]
2017-04-04 20:02:53,660 DEBUG StartConnectRemoteIntance 116 
 [Debug Message] - Valid Hostname: [localhost] Port: [5002]
2017-04-04 20:02:53,675 DEBUG StartConnectRemoteIntance 120 
 [Debug Message] - Node: [TaskDistributor] IS RUNNING!
2017-04-04 20:02:53,691 DEBUG ConnectServerManager 37 
 [Debug Message] - ServerManager: [tcp://localhost:5000/ServerManager]
2017-04-04 20:36:16,660 DEBUG StartConnectRemoteIntance 116 
 [Debug Message] - Valid Hostname: [localhost] Port: [5002]
2017-04-04 20:36:16,666 DEBUG StartConnectRemoteIntance 120 
 [Debug Message] - Node: [TaskDistributor] IS RUNNING!
2017-04-04 20:36:16,682 DEBUG ConnectServerManager 37 
 [Debug Message] - ServerManager: [tcp://localhost:5000/ServerManager]
2017-04-04 21:42:55,250 DEBUG StartConnectRemoteIntance 116 
 [Debug Message] - Valid Hostname: [localhost] Port: [5002]
2017-04-04 21:42:55,257 DEBUG StartConnectRemoteIntance 120 
 [Debug Message] - Node: [TaskDistributor] IS RUNNING!
2017-04-04 21:42:55,300 DEBUG ConnectServerManager 37 
 [Debug Message] - ServerManager: [tcp://localhost:5000/ServerManager]
2017-04-05 12:10:39,492 DEBUG StartConnectRemoteIntance 116 
 [Debug Message] - Valid Hostname: [194.210.134.200] Port: [5002]
2017-04-05 12:10:39,499 DEBUG StartConnectRemoteIntance 120 
 [Debug Message] - Node: [TaskDistributor] IS RUNNING!
2017-04-05 12:10:39,520 DEBUG ConnectServerManager 37 
 [Debug Message] - ServerManager: [tcp://194.210.134.200:5000/ServerManager]
2017-04-05 12:13:25,338 DEBUG StartConnectRemoteIntance 116 
 [Debug Message] - Valid Hostname: [194.210.134.200] Port: [5002]
2017-04-05 12:13:25,346 DEBUG StartConnectRemoteIntance 120 
 [Debug Message] - Node: [TaskDistributor] IS RUNNING!
2017-04-05 12:13:25,364 DEBUG ConnectServerManager 37 
 [Debug Message] - ServerManager: [tcp://194.210.134.200:5000/ServerManager]
2017-04-05 12:20:06,816 DEBUG StartConnectRemoteIntance 116 
 [Debug Message] - Valid Hostname: [194.210.134.200] Port: [5002]
2017-04-05 12:20:06,823 DEBUG StartConnectRemoteIntance 120 
 [Debug Message] - Node: [TaskDistributor] IS RUNNING!
2017-04-05 12:20:06,841 DEBUG ConnectServerManager 37 
 [Debug Message] - ServerManager: [tcp://194.210.134.200:5000/ServerManager]
2017-04-05 12:22:02,334 DEBUG StartConnectRemoteIntance 116 
 [Debug Message] - Valid Hostname: [194.210.134.200] Port: [5002]
2017-04-05 12:22:02,342 DEBUG StartConnectRemoteIntance 120 
 [Debug Message] - Node: [TaskDistributor] IS RUNNING!
2017-04-05 12:22:02,365 DEBUG ConnectServerManager 37 
 [Debug Message] - ServerManager: [tcp://194.210.134.200:5000/ServerManager]
2017-04-05 13:16:00,121 DEBUG StartConnectRemoteIntance 116 
 [Debug Message] - Valid Hostname: [194.210.134.200] Port: [5002]
2017-04-05 13:16:00,129 DEBUG StartConnectRemoteIntance 120 
 [Debug Message] - Node: [TaskDistributor] IS RUNNING!
2017-04-05 13:16:00,150 DEBUG ConnectServerManager 37 
 [Debug Message] - ServerManager: [tcp://194.210.134.200:5000/ServerManager]
2017-04-05 13:29:45,780 DEBUG StartConnectRemoteIntance 131 
 [Debug Message] - Valid Hostname: [194.210.134.200] Port: [5002]
2017-04-05 13:29:45,795 DEBUG StartConnectRemoteIntance 135 
 [Debug Message] - Node: [TaskDistributor] IS RUNNING!
2017-04-05 13:29:45,832 DEBUG ConnectServerManager 37 
 [Debug Message] - ServerManager: [tcp://194.210.134.200:5000/ServerManager]
2017-04-05 16:21:51,207 DEBUG StartConnectRemoteIntance 131 
 [Debug Message] - Valid Hostname: [localhost] Port: [5002]
2017-04-05 16:21:51,217 DEBUG StartConnectRemoteIntance 135 
 [Debug Message] - Node: [TaskDistributor] IS RUNNING!
2017-04-05 16:21:51,245 DEBUG ConnectServerManager 37 
 [Debug Message] - ServerManager: [tcp://localhost:5000/ServerManager]
2017-04-05 16:22:57,128 DEBUG StartConnectRemoteIntance 131 
 [Debug Message] - Valid Hostname: [localhost] Port: [5002]
2017-04-05 16:22:57,141 DEBUG StartConnectRemoteIntance 135 
 [Debug Message] - Node: [TaskDistributor] IS RUNNING!
2017-04-05 16:22:57,161 DEBUG ConnectServerManager 37 
 [Debug Message] - ServerManager: [tcp://localhost:5000/ServerManager]
2017-04-05 16:26:18,312 DEBUG StartConnectRemoteIntance 131 
 [Debug Message] - Valid Hostname: [localhost] Port: [5002]
2017-04-05 16:26:18,319 DEBUG StartConnectRemoteIntance 135 
 [Debug Message] - Node: [TaskDistributor] IS RUNNING!
2017-04-05 16:26:18,345 DEBUG ConnectServerManager 37 
 [Debug Message] - ServerManager: [tcp://localhost:5000/ServerManager]
2017-04-05 17:46:52,903 DEBUG StartConnectRemoteIntance 131 
 [Debug Message] - Valid Hostname: [localhost] Port: [5002]
2017-04-05 17:46:52,909 DEBUG StartConnectRemoteIntance 135 
 [Debug Message] - Node: [TaskDistributor] IS RUNNING!
2017-04-05 17:46:52,924 DEBUG ConnectServerManager 48 
 [Debug Message] - ServerManager: [tcp://localhost:5000/ServerManager]
2017-04-05 17:46:52,931 DEBUG ConnectToRepository 67 
 [Debug Message] - [INFO-Task Distributor] Connected to Repository.
2017-04-05 18:40:14,063 DEBUG StartConnectRemoteIntance 131 
 [Debug Message] - Valid Hostname: [localhost] Port: [5002]
2017-04-05 18:40:14,071 DEBUG StartConnectRemoteIntance 135 
 [Debug Message] - Node: [TaskDistributor] IS RUNNING!
2017-04-05 18:40:14,084 DEBUG ConnectServerManager 48 
 [Debug Message] - ServerManager: [tcp://localhost:5000/ServerManager]
2017-04-05 18:40:14,091 DEBUG ConnectToRepository 67 
 [Debug Message] - [INFO-Task Distributor] Connected to Repository.
2017-04-05 19:34:39,535 DEBUG StartConnectRemoteIntance 131 
 [Debug Message] - Valid Hostname: [localhost] Port: [5002]
2017-04-05 19:34:39,545 DEBUG StartConnectRemoteIntance 135 
 [Debug Message] - Node: [TaskDistributor] IS RUNNING!
2017-04-05 19:34:39,568 DEBUG ConnectServerManager 48 
 [Debug Message] - ServerManager: [tcp://localhost:5000/ServerManager]
2017-04-05 19:34:39,577 DEBUG ConnectToRepository 67 
 [Debug Message] - [INFO-Task Distributor] Connected to Repository.
2017-04-05 22:18:54,061 DEBUG StartConnectRemoteIntance 131 
 [Debug Message] - Valid Hostname: [localhost] Port: [5002]
2017-04-05 22:18:54,067 DEBUG StartConnectRemoteIntance 135 
 [Debug Message] - Node: [TaskDistributor] IS RUNNING!
2017-04-05 22:18:54,083 DEBUG ConnectServerManager 48 
 [Debug Message] - ServerManager: [tcp://localhost:5000/ServerManager]
2017-04-05 22:18:54,091 DEBUG ConnectToRepository 67 
 [Debug Message] - [INFO-Task Distributor] Connected to Repository.
